101.11.13 09:39 B C:\A\!Eds\INTERNET\ICREATOR\isearch\index.htm --> dol.ru /WWW/isearch index.htm
101.11.13 09:39 B C:\A\!Eds\INTERNET\ICREATOR\isearch\isearch.htm --> dol.ru /WWW/isearch isearch.htm
101.11.13 09:39 B C:\A\!Eds\INTERNET\ICREATOR\isearch\standatd.htm --> dol.ru /WWW/isearch standatd.htm
101.11.13 09:44 B C:\A\!Eds\INTERNET\ICREATOR\isearch\isearch.htm --> dol.ru /WWW/isearch isearch.htm
101.11.19 23:33 B C:\A\!Eds\INTERNET\ICREATOR\isearch\index.htm --> dol.ru /WWW/isearch index.htm
101.11.19 23:36 B C:\A\!Eds\INTERNET\ICREATOR\isearch\isearch.htm --> dol.ru /WWW/isearch isearch.htm
101.11.21 21:49 B c:\a\!eds\internet\icreator\isearch\ability.htm --> dol.ru /WWW/isearch ability.htm
101.11.21 21:49 B c:\a\!eds\internet\icreator\isearch\index.htm --> dol.ru /WWW/isearch index.htm
101.11.24 18:47 B c:\a\!eds\internet\icreator\isearch\ability.htm --> dol.ru /WWW/isearch ability.htm
101.11.24 18:47 B c:\a\!eds\internet\icreator\isearch\index.htm --> dol.ru /WWW/isearch index.htm
101.11.24 18:47 B c:\a\!eds\internet\icreator\isearch\isearch.htm --> dol.ru /WWW/isearch isearch.htm
101.11.24 18:50 B c:\a\!eds\internet\icreator\isearch\isearch.htm --> dol.ru /WWW/isearch isearch.htm
101.11.24 21:51 B c:\a\!eds\internet\icreator\isearch\ability.htm --> dol.ru /WWW/isearch ability.htm
101.11.24 21:51 B c:\a\!eds\internet\icreator\isearch\index.htm --> dol.ru /WWW/isearch index.htm
101.11.24 21:51 B c:\a\!eds\internet\icreator\isearch\isearch.htm --> dol.ru /WWW/isearch isearch.htm
101.11.25 08:46 B c:\a\!eds\internet\icreator\isearch\ability.htm --> dol.ru /WWW/isearch ability.htm
101.11.25 08:54 B c:\a\!eds\internet\icreator\isearch\ability.htm --> dol.ru /WWW/isearch ability.htm
101.11.25 09:02 B c:\a\!eds\internet\icreator\isearch\isearch.htm --> dol.ru /WWW/isearch isearch.htm
101.11.25 09:02 B c:\a\!eds\internet\icreator\isearch\ability.htm --> dol.ru /WWW/isearch ability.htm
101.11.28 09:13 B c:\a\!eds\internet\icreator\isearch\index.htm --> dol.ru /WWW/isearch index.htm
101.12.23 23:56 B C:\A\!Eds\INTERNET\ICREATOR\isearch\index.htm --> dol.ru /WWW/isearch index.htm
102.03.14 10:29 B C:\A\!Eds\INTERNET\ICREATOR\isearch\ability.htm --> dol.ru /WWW/isearch ability.htm
102.03.14 10:29 B C:\A\!Eds\INTERNET\ICREATOR\isearch\index.htm --> dol.ru /WWW/isearch index.htm
102.03.14 10:29 B C:\A\!Eds\INTERNET\ICREATOR\isearch\isearch.htm --> dol.ru /WWW/isearch isearch.htm
102.03.14 10:29 B C:\A\!Eds\INTERNET\ICREATOR\isearch\standatd.htm --> dol.ru /WWW/isearch standatd.htm
102.03.14 10:34 B C:\A\!Eds\INTERNET\ICREATOR\isearch\ability.htm --> dol.ru /WWW/isearch ability.htm
102.03.14 10:35 B C:\A\!Eds\INTERNET\ICREATOR\isearch\index.htm --> dol.ru /WWW/isearch index.htm
102.03.16 08:59 B c:\a\!eds\internet\icreator\isearch\ability.htm --> dol.ru /WWW/isearch ability.htm
102.03.16 09:03 B c:\a\!eds\internet\icreator\isearch\ability.htm --> dol.ru /WWW/isearch ability.htm
102.03.16 09:27 B c:\a\!eds\internet\icreator\isearch\index.htm --> dol.ru /WWW/isearch index.htm
102.05.05 12:01 B c:\a\!eds\internet\icreator\isearch\ability.htm --> dol.ru /WWW/isearch ability.htm
102.05.05 12:01 B c:\a\!eds\internet\icreator\isearch\index.htm --> dol.ru /WWW/isearch index.htm
102.05.05 12:02 B c:\a\!eds\internet\icreator\isearch\isearch.htm --> dol.ru /WWW/isearch isearch.htm
102.05.05 12:02 B c:\a\!eds\internet\icreator\isearch\standatd.htm --> dol.ru /WWW/isearch standatd.htm
102.05.05 12:02 B c:\a\!eds\internet\icreator\isearch\isearch.htm --> dol.ru /WWW/isearch isearch.htm
102.05.05 12:08 B c:\a\!eds\internet\icreator\isearch\isearch.htm --> dol.ru /WWW/isearch isearch.htm
102.05.10 11:04 B c:\a\!eds\internet\icreator\isearch\ability.htm --> dol.ru /WWW/isearch ability.htm
102.05.10 11:04 B c:\a\!eds\internet\icreator\isearch\index.htm --> dol.ru /WWW/isearch index.htm
102.05.10 11:04 B c:\a\!eds\internet\icreator\isearch\isearch.htm --> dol.ru /WWW/isearch isearch.htm
102.05.10 11:04 B c:\a\!eds\internet\icreator\isearch\standatd.htm --> dol.ru /WWW/isearch standatd.htm
102.05.20 19:04 B c:\a\!eds\internet\icreator\isearch\isearch.htm --> dol.ru /WWW/programming isearch.htm
102.05.26 00:15 B c:\a\!eds\internet\icreator\isearch\index.htm --> dol.ru /WWW/isearch index.htm
102.05.26 00:15 B c:\a\!eds\internet\icreator\isearch\tparsing.htm --> dol.ru /WWW/isearch tparsing.htm
102.06.02 01:26 B c:\a\!eds\internet\icreator\isearch\index.htm --> dol.ru /WWW/isearch index.htm
102.06.04 22:31 B c:\a\!eds\internet\icreator\isearch\tparsing.htm --> dol.ru /WWW/isearch tparsing.htm
102.06.06 10:51 B c:\a\!eds\internet\icreator\isearch\tparsing.htm --> dol.ru /WWW/isearch tparsing.htm
102.06.20 11:48 B c:\a\!eds\internet\icreator\isearch\index.htm --> dol.ru /WWW/isearch index.htm
102.06.22 11:18 B c:\a\!eds\internet\icreator\isearch\tparsing.htm --> dol.ru /WWW/isearch tparsing.htm
102.06.22 11:22 B c:\a\!eds\internet\icreator\isearch\tparsing.zip --> dol.ru /WWW/isearch tparsing.zip
102.06.22 11:51 B c:\a\!eds\internet\icreator\isearch\tparsing.htm --> dol.ru /WWW/isearch tparsing.htm
102.06.22 12:22 B c:\a\!eds\internet\icreator\isearch\tparsing.htm --> dol.ru /WWW/isearch tparsing.htm
102.06.23 09:49 B c:\a\!eds\internet\icreator\isearch\standatd.htm --> dol.ru /WWW/isearch standatd.htm
102.06.23 09:49 B c:\a\!eds\internet\icreator\isearch\tparsing.htm --> dol.ru /WWW/isearch tparsing.htm
102.06.23 09:53 B c:\a\!eds\internet\icreator\isearch\isearch.zip --> dol.ru /WWW/isearch isearch.zip
102.06.24 08:22 B c:\a\!eds\internet\icreator\isearch\index.htm --> dol.ru /WWW/isearch index.htm
102.06.24 08:22 B c:\a\!eds\internet\icreator\isearch\tparsing.htm --> dol.ru /WWW/isearch tparsing.htm
102.06.24 08:23 B c:\a\!eds\internet\icreator\isearch\tparsing.htm --> dol.ru /WWW/isearch tparsing.htm
102.06.24 08:23 B c:\a\!eds\internet\icreator\isearch\tparsing.htm --> dol.ru /WWW/isearch tparsing.htm
102.06.24 08:24 B c:\a\!eds\internet\icreator\isearch\tparsing.htm --> dol.ru /WWW/isearch tparsing.htm
102.06.24 15:17 B c:\a\!eds\internet\icreator\isearch\tparsing.htm --> dol.ru /WWW/isearch tparsing.htm
102.06.24 15:17 B c:\a\!eds\internet\icreator\isearch\isearch_o.zip --> dol.ru /WWW/isearch isearch_o.zip
102.06.25 17:36 B c:\a\!eds\internet\icreator\isearch\tparsing.htm --> dol.ru /WWW/isearch tparsing.htm
102.06.25 17:36 B c:\a\!eds\internet\icreator\isearch\tparsing_faq.htm --> dol.ru /WWW/isearch tparsing_faq.htm
102.06.25 18:40 B c:\a\!eds\internet\icreator\isearch\tparsing_faq.htm --> dol.ru /WWW/isearch tparsing_faq.htm
102.06.25 18:41 B c:\a\!eds\internet\icreator\isearch\tparsing_faq.htm --> dol.ru /WWW/isearch tparsing_faq.htm
102.06.30 10:39 B c:\a\!eds\internet\icreator\isearch\index.htm --> dol.ru /WWW/isearch index.htm
102.06.30 11:32 B c:\a\!eds\internet\icreator\isearch\isearch.zip --> dol.ru /WWW/isearch isearch.zip
102.06.30 11:33 B c:\a\!eds\internet\icreator\isearch\vip_err.zip --> dol.ru /WWW/isearch vip_err.zip
102.06.30 11:33 B c:\a\!eds\internet\icreator\isearch\tparsing.htm --> dol.ru /WWW/isearch tparsing.htm
102.06.30 11:33 B c:\a\!eds\internet\icreator\isearch\isearch.htm --> dol.ru /WWW/isearch isearch.htm
102.06.30 23:44 B c:\a\!eds\internet\icreator\isearch\index.htm --> dol.ru /WWW/isearch index.htm
102.06.30 23:45 B c:\a\!eds\internet\icreator\isearch\ability.htm --> dol.ru /WWW/isearch ability.htm
102.07.05 10:54 B c:\a\!eds\internet\icreator\isearch\index.htm --> dol.ru /WWW/isearch index.htm
102.07.05 11:21 B c:\a\!eds\internet\icreator\isearch\index.htm --> dol.ru /WWW/isearch index.htm
102.07.08 09:38 B c:\a\!eds\internet\icreator\isearch\tparsing.htm --> dol.ru /WWW/isearch tparsing.htm
102.07.09 07:37 B c:\a\!eds\internet\icreator\isearch\index.htm --> dol.ru /WWW/isearch index.htm
102.07.09 07:37 B c:\a\!eds\internet\icreator\isearch\ability.htm --> dol.ru /WWW/isearch ability.htm
102.07.09 07:37 B c:\a\!eds\internet\icreator\isearch\tparsing.htm --> dol.ru /WWW/isearch tparsing.htm
102.07.18 12:41 B c:\a\!eds\internet\icreator\isearch\index.htm --> dol.ru /WWW/isearch index.htm
102.09.04 09:34 B c:\a\!eds\internet\icreator\isearch\ability.htm --> dol.ru /WWW/isearch ability.htm
102.09.14 08:41 B c:\a\!eds\internet\icreator\isearch\ability.htm --> dol.ru /WWW/isearch ability.htm
102.09.16 21:15 B c:\a\!eds\internet\icreator\isearch\index.htm --> dol.ru /WWW/isearch index.htm
102.10.01 21:12 B c:\a\!eds\internet\icreator\isearch\ability.htm --> dol.ru /WWW/isearch ability.htm
102.10.01 21:12 B c:\a\!eds\internet\icreator\isearch\index.htm --> dol.ru /WWW/isearch index.htm
102.12.25 11:20 B c:\a\!eds\internet\icreator\isearch\tparsing_faq.htm --> dol.ru /WWW/isearch tparsing_faq.htm
102.12.26 00:55 B c:\a\!eds\internet\icreator\isearch\tparsing_faq.htm --> dol.ru /WWW/isearch tparsing_faq.htm
102.12.26 12:26 B c:\a\!eds\internet\icreator\isearch\tparsing_faq.htm --> dol.ru /WWW/isearch tparsing_faq.htm
102.12.27 10:25 B c:\a\!eds\internet\icreator\isearch\tparsing_faq.htm --> dol.ru /WWW/isearch tparsing_faq.htm
103.05.20 19:26 B c:\a\!eds\internet\icreator\isearch\ability.htm --> dol.ru /WWW/isearch ability.htm
103.05.20 19:26 B c:\a\!eds\internet\icreator\isearch\index.htm --> dol.ru /WWW/isearch index.htm
103.05.20 19:26 B c:\a\!eds\internet\icreator\isearch\isearch.htm --> dol.ru /WWW/isearch isearch.htm
103.05.20 19:26 B c:\a\!eds\internet\icreator\isearch\tparsing.htm --> dol.ru /WWW/isearch tparsing.htm
103.05.20 19:26 B c:\a\!eds\internet\icreator\isearch\tparsing_faq.htm --> dol.ru /WWW/isearch tparsing_faq.htm
103.06.24 15:05 B c:\a\!eds\internet\icreator\isearch\isearch.htm --> dol.ru /WWW/isearch isearch.htm
103.06.24 15:07 B c:\a\!eds\internet\icreator\isearch\isearch.htm --> dol.ru /WWW/isearch isearch.htm
103.12.28 13:47 B c:\a\!eds\internet\icreator\isearch\tparsing_faq.htm --> dol.ru /WWW/isearch tparsing_faq.htm
103.12.28 13:50 B c:\a\!eds\internet\icreator\isearch\tparsing_faq.htm --> dol.ru /WWW/isearch tparsing_faq.htm
104.03.16 18:09 B c:\a\!eds\internet\icreator\isearch\index.htm --> dol.ru /WWW/isearch index.htm
104.03.16 18:09 B c:\a\!eds\internet\icreator\isearch\progress.htm --> dol.ru /WWW/isearch progress.htm
104.03.22 20:13 B c:\a\!eds\internet\icreator\isearch\progress.htm --> dol.ru /WWW/isearch progress.htm
104.03.22 20:50 B c:\a\!eds\internet\icreator\isearch\progress.htm --> dol.ru /WWW/isearch progress.htm
104.04.12 21:26 B c:\a\!eds\internet\icreator\isearch\ability.htm --> dol.ru /WWW/isearch ability.htm
104.04.12 21:26 B c:\a\!eds\internet\icreator\isearch\index.htm --> dol.ru /WWW/isearch index.htm
104.04.12 21:26 B c:\a\!eds\internet\icreator\isearch\isearch.htm --> dol.ru /WWW/isearch isearch.htm
104.04.12 21:26 B c:\a\!eds\internet\icreator\isearch\tparsing.htm --> dol.ru /WWW/isearch tparsing.htm
104.04.12 21:26 B c:\a\!eds\internet\icreator\isearch\tparsing_faq.htm --> dol.ru /WWW/isearch tparsing_faq.htm
104.08.04 14:29 B c:\a\!eds\internet\icreator\isearch\tparsing.htm --> dol.ru /WWW/isearch tparsing.htm
107.10.25 14:56 B D:\A\!Eds\INTERNET\ICREATOR\isearch\!тек_полож_дел.htm --> web03.nthost.ru /icreator.ru/isearch !тек_полож_дел.htm
107.10.25 14:56 B D:\A\!Eds\INTERNET\ICREATOR\isearch\ability.htm --> web03.nthost.ru /icreator.ru/isearch ability.htm
107.10.25 14:56 B D:\A\!Eds\INTERNET\ICREATOR\isearch\index.htm --> web03.nthost.ru /icreator.ru/isearch index.htm
107.10.25 14:56 B D:\A\!Eds\INTERNET\ICREATOR\isearch\isearch.htm --> web03.nthost.ru /icreator.ru/isearch isearch.htm
107.10.25 14:57 B D:\A\!Eds\INTERNET\ICREATOR\isearch\isearch.zip --> web03.nthost.ru /icreator.ru/isearch isearch.zip
107.10.25 14:57 B D:\A\!Eds\INTERNET\ICREATOR\isearch\isearch_o.zip --> web03.nthost.ru /icreator.ru/isearch isearch_o.zip
107.10.25 14:57 B D:\A\!Eds\INTERNET\ICREATOR\isearch\progress.htm --> web03.nthost.ru /icreator.ru/isearch progress.htm
107.10.25 14:57 B D:\A\!Eds\INTERNET\ICREATOR\isearch\tparsing.htm --> web03.nthost.ru /icreator.ru/isearch tparsing.htm
107.10.25 14:57 B D:\A\!Eds\INTERNET\ICREATOR\isearch\tparsing_faq.htm --> web03.nthost.ru /icreator.ru/isearch tparsing_faq.htm
107.10.25 14:57 B D:\A\!Eds\INTERNET\ICREATOR\isearch\tparsing_faq-.htm --> web03.nthost.ru /icreator.ru/isearch tparsing_faq-.htm
107.10.25 14:57 B D:\A\!Eds\INTERNET\ICREATOR\isearch\vip_err.zip --> web03.nthost.ru /icreator.ru/isearch vip_err.zip
107.10.25 14:57 B D:\A\!Eds\INTERNET\ICREATOR\isearch\ws_ftp.log --> web03.nthost.ru /icreator.ru/isearch ws_ftp.log
108.11.05 10:19 B D:\A\!Eds\INTERNET\ICREATOR\isearch\ability.htm --> web03.nthost.ru /icreator.ru/isearch ability.htm
108.11.05 10:19 B D:\A\!Eds\INTERNET\ICREATOR\isearch\index.htm --> web03.nthost.ru /icreator.ru/isearch index.htm
108.11.05 10:19 B D:\A\!Eds\INTERNET\ICREATOR\isearch\isearch.htm --> web03.nthost.ru /icreator.ru/isearch isearch.htm
108.11.05 10:19 B D:\A\!Eds\INTERNET\ICREATOR\isearch\progress.htm --> web03.nthost.ru /icreator.ru/isearch progress.htm
108.11.05 10:19 B D:\A\!Eds\INTERNET\ICREATOR\isearch\tparsing.htm --> web03.nthost.ru /icreator.ru/isearch tparsing.htm
108.11.05 10:19 B D:\A\!Eds\INTERNET\ICREATOR\isearch\tparsing_faq.htm --> web03.nthost.ru /icreator.ru/isearch tparsing_faq.htm
