[2015-06-23 20:46:25] START
[2015-06-23 20:56:32] EDIT icreator/views/default/index.html: 0
[2015-06-23 20:56:54] EDIT icreator/views/default/index.html: 0
[2015-06-23 20:57:49] EDIT icreator/views/default/index.html: 2
[2015-06-23 21:00:46] EDIT icreator/views/default/index.html: -2
[2015-06-23 21:06:57] EDIT icreator/models/db.py: -26
[2015-06-23 21:11:52] EDIT icreator/models/db.py: 5
[2015-06-23 21:15:39] EDIT icreator/private/appconfig.ini: 0
[2015-06-23 21:16:59] EDIT icreator/models/menu.py: 0
[2015-06-23 21:17:14] EDIT icreator/models/menu.py: 0
[2015-06-23 21:21:13] EDIT icreator/models/menu.py: 1
[2015-06-23 21:22:47] EDIT icreator/models/menu.py: 1
[2015-06-23 21:35:27] EDIT icreator/models/menu.py: 0
[2015-06-23 21:36:00] EDIT icreator/models/menu.py: 0
[2015-06-23 21:38:03] EDIT icreator/controllers/default.py: -7
[2015-06-23 21:41:05] EDIT icreator/controllers/default.py: 2
[2015-06-23 21:41:40] EDIT icreator/models/menu.py: 1
[2015-06-23 21:47:06] EDIT icreator/models/menu.py: 0
[2015-06-23 21:48:01] EDIT icreator/models/menu.py: 0
[2015-06-23 21:48:26] EDIT icreator/models/menu.py: 0
[2015-06-23 21:50:30] EDIT icreator/models/menu.py: -1
[2015-06-23 22:09:02] EDIT icreator/views/default/index.html: 3
[2015-06-23 22:09:12] EDIT icreator/models/menu.py: -2
[2015-06-23 22:09:16] EDIT icreator/models/menu.py: 0
[2015-06-23 22:09:18] EDIT icreator/models/menu.py: 0
[2015-06-23 22:09:21] EDIT icreator/models/menu.py: 0
[2015-06-23 22:09:25] EDIT icreator/models/menu.py: 0
[2015-06-23 22:11:19] EDIT icreator/models/menu.py: -3
[2015-06-23 22:11:29] EDIT icreator/models/menu.py: 0
[2015-06-23 22:13:49] EDIT icreator/views/default/index.html: 0
[2015-06-23 22:16:57] EDIT icreator/views/default/index.html: -30
[2015-06-23 22:17:42] EDIT icreator/controllers/default.py: -1
[2015-06-23 22:19:15] EDIT icreator/controllers/default.py: 1
[2015-06-23 22:23:05] EDIT icreator/views/default/index.html: 0
[2015-06-23 22:24:02] EDIT icreator/views/default/index.html: -1
[2015-06-23 22:24:20] EDIT icreator/views/default/index.html: -6
[2015-06-23 22:31:24] EDIT icreator/controllers/default.py: 8
[2015-06-23 22:37:17] EDIT icreator/views/layout.html: 1
[2015-06-23 22:37:31] EDIT icreator/views/layout.html: 0
[2015-06-23 22:39:44] EDIT icreator/controllers/default.py: 0
[2015-06-23 22:48:14] EDIT icreator/controllers/default.py: 1
[2015-06-23 22:48:51] EDIT icreator/controllers/default.py: 1
[2015-06-23 22:51:22] EDIT icreator/controllers/default.py: 6
[2015-06-23 22:52:15] EDIT icreator/controllers/default.py: 0
[2015-06-23 22:52:39] EDIT icreator/controllers/default.py: 2
[2015-06-23 22:52:54] EDIT icreator/controllers/default.py: 2
[2015-06-23 22:53:26] EDIT icreator/controllers/default.py: 0
[2015-06-23 22:53:49] EDIT icreator/controllers/default.py: 0
[2015-06-23 22:54:08] EDIT icreator/controllers/default.py: 0
[2015-06-23 22:55:38] EDIT icreator/controllers/default.py: 1
[2015-06-23 22:59:13] EDIT icreator/controllers/default.py: 6
[2015-06-23 23:00:20] EDIT icreator/controllers/default.py: -1
[2015-06-23 23:01:31] EDIT icreator/controllers/default.py: 0
[2015-06-23 23:02:35] EDIT icreator/controllers/default.py: 1
[2015-06-23 23:03:02] EDIT icreator/controllers/default.py: 0
[2015-06-23 23:03:51] EDIT icreator/controllers/default.py: 2
[2015-06-23 23:04:25] EDIT icreator/controllers/default.py: 1
[2015-06-23 23:05:14] EDIT icreator/controllers/default.py: 0
[2015-08-15 07:53:02] EDIT icreator/controllers/default.py: 1
[2015-08-15 07:57:33] EDIT icreator/controllers/default.py: 0
[2015-08-15 08:40:49] EDIT icreator/models/db1.py: 1
[2015-08-15 08:42:47] EDIT icreator/controllers/default.py: 0
[2015-08-15 08:43:31] EDIT icreator/controllers/default.py: 0
[2015-08-15 08:44:19] EDIT icreator/controllers/default.py: 1
[2015-08-15 08:46:57] EDIT icreator/controllers/default.py: 1
[2015-08-15 08:47:10] EDIT icreator/controllers/default.py: 0
[2015-08-15 08:49:59] EDIT icreator/views/layout.html: 1
[2015-08-15 09:01:17] EDIT icreator/controllers/default.py: 9
[2015-08-15 09:01:43] EDIT icreator/controllers/default.py: 0
[2015-08-15 09:03:25] EDIT icreator/controllers/default.py: 1
[2015-08-15 09:03:29] EDIT icreator/controllers/default.py: 0
[2015-08-15 09:10:06] EDIT icreator/controllers/default.py: 0
[2015-08-15 09:11:11] EDIT icreator/controllers/default.py: 1
[2015-08-15 09:13:33] EDIT icreator/controllers/default.py: 0
[2015-08-15 09:14:49] EDIT icreator/controllers/default.py: 0
[2015-08-15 09:15:24] EDIT icreator/controllers/default.py: 1
[2015-08-15 09:16:05] EDIT icreator/controllers/default.py: 0
[2015-08-15 09:16:10] EDIT icreator/controllers/default.py: 0
[2015-08-15 09:16:43] EDIT icreator/controllers/default.py: 0
[2015-08-15 09:17:06] EDIT icreator/controllers/default.py: 0
[2015-08-15 09:17:59] EDIT icreator/controllers/default.py: 0
[2015-08-15 09:18:58] EDIT icreator/controllers/default.py: 0
[2015-08-15 09:19:17] EDIT icreator/controllers/default.py: 0
[2015-08-15 09:20:41] EDIT icreator/controllers/default.py: 0
[2015-08-15 09:22:10] EDIT icreator/controllers/default.py: 0
[2015-08-15 09:22:27] EDIT icreator/controllers/default.py: 0
[2015-08-15 09:26:37] EDIT icreator/controllers/default.py: 0
[2015-08-15 09:27:59] EDIT icreator/controllers/default.py: 1
[2015-08-15 09:28:45] EDIT icreator/controllers/default.py: 2
[2015-08-15 09:29:34] EDIT icreator/controllers/default.py: 0
[2015-08-15 09:30:38] EDIT icreator/controllers/default.py: 0
[2015-08-15 09:31:50] EDIT icreator/controllers/default.py: 0
[2015-08-15 09:32:23] EDIT icreator/controllers/default.py: 0
[2015-08-15 09:32:29] EDIT icreator/controllers/default.py: 0
[2015-08-15 09:34:50] EDIT icreator/controllers/default.py: 1
[2015-08-15 09:35:08] EDIT icreator/controllers/default.py: 0
[2015-08-15 09:35:16] EDIT icreator/controllers/default.py: 0
[2015-08-15 09:37:26] EDIT icreator/controllers/default.py: 0
[2015-08-15 09:38:26] EDIT icreator/controllers/default.py: 0
[2015-08-15 09:40:03] EDIT icreator/models/db1.py: 1
[2015-08-15 09:40:09] EDIT icreator/models/db1.py: 0
[2015-08-15 09:41:19] EDIT icreator/controllers/default.py: 0
[2015-08-15 09:42:06] EDIT icreator/controllers/default.py: 0
[2015-08-15 09:42:27] EDIT icreator/models/db1.py: 0
[2015-08-15 09:42:46] EDIT icreator/controllers/default.py: 0
[2015-08-15 09:43:28] EDIT icreator/controllers/default.py: 0
[2015-08-15 09:44:37] EDIT icreator/controllers/default.py: 0
[2015-08-15 09:50:45] EDIT icreator/controllers/default.py: 1
[2015-08-15 09:52:12] EDIT icreator/controllers/default.py: -1
[2015-08-15 09:52:23] EDIT icreator/controllers/default.py: 0
[2015-08-15 09:53:06] EDIT icreator/controllers/default.py: 0
[2015-08-15 09:53:28] EDIT icreator/controllers/default.py: 0
[2015-08-15 09:54:28] EDIT icreator/controllers/default.py: 0
[2015-08-15 09:55:59] EDIT icreator/controllers/default.py: 1
[2015-08-15 09:56:22] EDIT icreator/controllers/default.py: 1
[2015-08-15 09:58:28] EDIT icreator/controllers/default.py: 0
[2015-08-15 10:01:10] EDIT icreator/models/db.py: 1
[2015-08-15 20:12:13] EDIT icreator/controllers/default.py: 2
[2015-08-15 20:13:20] EDIT icreator/controllers/default.py: 0
[2015-08-15 20:13:25] EDIT icreator/controllers/default.py: 0
[2015-08-15 20:15:09] EDIT icreator/controllers/default.py: 1
[2016-01-12 08:14:53] EDIT icreator/controllers/default.py: 4
[2016-01-12 08:15:22] EDIT icreator/controllers/default.py: 1
[2016-01-12 08:24:16] EDIT icreator/controllers/default.py: 4
[2016-01-12 08:25:48] EDIT icreator/controllers/default.py: 0
[2018-06-28 00:44:16] EDIT icreator/controllers/default.py: 3
[2018-06-28 00:45:17] EDIT icreator/controllers/default.py: 0
[2019-11-15 22:37:18] EDIT icreator/controllers/default.py: 0
[2019-11-15 22:37:54] EDIT icreator/controllers/default.py: 1
[2019-12-01 09:17:26] CREATE db_sql.py: 0
[2019-12-01 09:19:22] CREATE db_sql1.py: 0
[2019-12-01 09:20:42] EDIT icreator/models/db_sql1.py: 17
[2019-12-01 09:24:56] EDIT icreator/models/db_sql.py: 29
[2019-12-01 09:34:03] EDIT icreator/private/appconfig.ini: 8
[2019-12-01 09:34:35] EDIT icreator/models/db_sql.py: 0
[2019-12-01 09:38:24] EDIT icreator/private/appconfig.ini: 0
[2019-12-01 09:40:41] EDIT icreator/private/appconfig.ini: 0
[2019-12-01 09:44:13] EDIT icreator/models/db_sql.py: 1
[2019-12-01 09:45:28] EDIT icreator/private/appconfig.ini: 0
[2019-12-01 10:05:06] CREATE util_copy.py: 0
[2019-12-01 10:11:32] EDIT icreator/models/util_copy.py: 6
[2019-12-01 10:12:14] EDIT icreator/models/util_copy.py: -2
[2019-12-01 10:12:32] EDIT icreator/models/util_copy.py: 0
[2019-12-01 10:16:03] EDIT icreator/models/util_copy.py: 0
[2019-12-01 10:16:40] EDIT icreator/models/util_copy.py: 0
[2019-12-01 10:16:53] EDIT icreator/models/util_copy.py: 0
[2019-12-01 10:16:58] EDIT icreator/models/util_copy.py: 0
[2019-12-01 10:17:03] EDIT icreator/models/util_copy.py: 0
[2019-12-01 11:21:07] CREATE tools.py: 0
[2019-12-01 11:30:08] EDIT icreator/modules/convert_db.py: 0
[2019-12-01 11:31:38] EDIT icreator/controllers/tools.py: 19
[2019-12-01 11:32:14] EDIT icreator/controllers/tools.py: 3
