103.04.06 10:50 B c:\a\!eds\internet\icreator\physics\fiz1.htm --> dol.ru /WWW/physics fiz1.htm
103.04.06 10:50 B c:\a\!eds\internet\icreator\physics\fiz2.htm --> dol.ru /WWW/physics fiz2.htm
103.04.06 10:50 B c:\a\!eds\internet\icreator\physics\fiz3.htm --> dol.ru /WWW/physics fiz3.htm
103.04.06 10:50 B c:\a\!eds\internet\icreator\physics\fiz4.htm --> dol.ru /WWW/physics fiz4.htm
103.04.06 10:50 B c:\a\!eds\internet\icreator\physics\index.htm --> dol.ru /WWW/physics index.htm
103.04.06 10:50 B c:\a\!eds\internet\icreator\physics\main_physics.htm --> dol.ru /WWW/physics main_physics.htm
103.04.09 08:51 B c:\a\!eds\internet\icreator\physics\main_physics.htm --> dol.ru /WWW/physics main_physics.htm
103.04.09 10:10 B c:\a\!eds\internet\icreator\physics\main_physics.htm --> dol.ru /WWW/physics main_physics.htm
103.04.10 20:33 B c:\a\!eds\internet\icreator\physics\fiz1.htm --> dol.ru /WWW/physics fiz1.htm
103.04.10 20:33 B c:\a\!eds\internet\icreator\physics\fiz2.htm --> dol.ru /WWW/physics fiz2.htm
103.04.10 20:33 B c:\a\!eds\internet\icreator\physics\fiz3.htm --> dol.ru /WWW/physics fiz3.htm
103.04.10 20:33 B c:\a\!eds\internet\icreator\physics\fiz4.htm --> dol.ru /WWW/physics fiz4.htm
103.04.10 20:33 B c:\a\!eds\internet\icreator\physics\index.htm --> dol.ru /WWW/physics index.htm
103.04.10 20:33 B c:\a\!eds\internet\icreator\physics\main_physics.htm --> dol.ru /WWW/physics main_physics.htm
103.04.10 20:47 B c:\a\!eds\internet\icreator\physics\main_physics.htm --> dol.ru /WWW/physics main_physics.htm
103.04.10 21:48 B c:\a\!eds\internet\icreator\physics\fiz2.htm --> dol.ru /WWW/physics fiz2.htm
103.04.10 23:29 B c:\a\!eds\internet\icreator\physics\main_physics.htm --> dol.ru /WWW/physics main_physics.htm
103.04.11 10:34 B c:\a\!eds\internet\icreator\physics\main_physics.htm --> dol.ru /WWW/physics main_physics.htm
103.04.12 22:44 B c:\a\!eds\internet\icreator\physics\main_physics.htm --> dol.ru /WWW/physics main_physics.htm
103.04.15 13:20 B c:\a\!eds\internet\icreator\physics\main_physics.htm --> dol.ru /WWW/physics main_physics.htm
103.04.25 17:00 B c:\a\!eds\internet\icreator\physics\fiz1.htm --> dol.ru /WWW/physics fiz1.htm
103.04.25 17:00 B c:\a\!eds\internet\icreator\physics\fiz2.htm --> dol.ru /WWW/physics fiz2.htm
103.04.25 17:00 B c:\a\!eds\internet\icreator\physics\fiz3.htm --> dol.ru /WWW/physics fiz3.htm
103.04.25 17:00 B c:\a\!eds\internet\icreator\physics\fiz4.htm --> dol.ru /WWW/physics fiz4.htm
103.05.13 17:26 B c:\a\!eds\internet\icreator\physics\main_physics.htm --> dol.ru /WWW/physics main_physics.htm
103.05.20 19:27 B c:\a\!eds\internet\icreator\physics\index.htm --> dol.ru /WWW/physics index.htm
103.05.20 19:28 B c:\a\!eds\internet\icreator\physics\main_physics.htm --> dol.ru /WWW/physics main_physics.htm
103.10.12 11:03 B c:\a\!eds\internet\icreator\physics\main_physics.htm --> dol.ru /WWW/physics main_physics.htm
104.02.01 14:15 B c:\a\!eds\internet\icreator\physics\main_physics.htm --> dol.ru /WWW/physics main_physics.htm
104.02.01 14:16 A c:\a\!eds\internet\icreator\physics\fizic2.htm --> dol.ru /WWW/physics fizic2.htm
104.03.18 09:22 B c:\a\!eds\internet\icreator\physics\fizic2.htm --> dol.ru /WWW/physics fizic2.htm
104.03.18 09:22 B c:\a\!eds\internet\icreator\physics\main_physics.htm --> dol.ru /WWW/physics main_physics.htm
104.03.18 09:25 B c:\a\!eds\internet\icreator\physics\main_physics.htm --> dol.ru /WWW/physics main_physics.htm
104.03.18 09:25 B c:\a\!eds\internet\icreator\physics\fizic2.htm --> dol.ru /WWW/physics fizic2.htm
104.03.18 09:33 B c:\a\!eds\internet\icreator\physics\fizic2.htm --> dol.ru /WWW/physics fizic2.htm
104.03.18 09:33 B c:\a\!eds\internet\icreator\physics\main_physics.htm --> dol.ru /WWW/physics main_physics.htm
104.04.02 19:39 B c:\a\!eds\internet\icreator\physics\main_physics.htm --> dol.ru /WWW/physics main_physics.htm
104.04.10 23:58 B c:\a\!eds\internet\icreator\physics\!fizic2.gif --> dol.ru /WWW/physics !fizic2.gif
104.04.10 23:58 B c:\a\!eds\internet\icreator\physics\fizic2.htm --> dol.ru /WWW/physics fizic2.htm
104.04.11 00:01 B c:\a\!eds\internet\icreator\physics\fizic2.htm --> dol.ru /WWW/physics fizic2.htm
104.04.25 19:38 B c:\a\!eds\internet\icreator\physics\main_physics.htm --> dol.ru /WWW/physics main_physics.htm
104.06.12 12:52 B c:\a\!eds\internet\icreator\physics\fizic2.htm --> dol.ru /WWW/physics fizic2.htm
104.06.12 12:52 B c:\a\!eds\internet\icreator\physics\fizic21.htm --> dol.ru /WWW/physics fizic21.htm
104.06.12 12:53 B c:\a\!eds\internet\icreator\physics\main_physics.htm --> dol.ru /WWW/physics main_physics.htm
104.06.12 13:09 B c:\a\!eds\internet\ICREATOR\physics\fizic21.htm --> dol.ru /WWW/physics fizic21.htm
104.06.12 13:09 B c:\a\!eds\internet\ICREATOR\physics\karno1.gif --> dol.ru /WWW/physics karno1.gif
104.06.12 13:10 B c:\a\!eds\internet\ICREATOR\physics\karno2.gif --> dol.ru /WWW/physics karno2.gif
104.06.12 13:10 B c:\a\!eds\internet\ICREATOR\physics\karno3.gif --> dol.ru /WWW/physics karno3.gif
104.06.12 13:10 B c:\a\!eds\internet\ICREATOR\physics\karno4.gif --> dol.ru /WWW/physics karno4.gif
104.06.12 13:16 B c:\a\!eds\internet\icreator\physics\index.htm --> dol.ru /WWW/physics index.htm
104.11.18 10:06 B c:\a\!eds\internet\icreator\physics\entropya.html --> dol.ru /WWW/physics entropya.html
104.11.18 10:06 B c:\a\!eds\internet\icreator\physics\index.htm --> dol.ru /WWW/physics index.htm
104.11.18 10:08 B c:\a\!eds\internet\icreator\physics\index.htm --> dol.ru /WWW/physics index.htm
107.10.25 15:11 B D:\A\!Eds\INTERNET\ICREATOR\physics\!fizic2.gif --> web03.nthost.ru /icreator.ru/physics !fizic2.gif
107.10.25 15:11 B D:\A\!Eds\INTERNET\ICREATOR\physics\entropya.html --> web03.nthost.ru /icreator.ru/physics entropya.html
107.10.25 15:11 B D:\A\!Eds\INTERNET\ICREATOR\physics\fiz1.htm --> web03.nthost.ru /icreator.ru/physics fiz1.htm
107.10.25 15:11 B D:\A\!Eds\INTERNET\ICREATOR\physics\fiz2.htm --> web03.nthost.ru /icreator.ru/physics fiz2.htm
107.10.25 15:11 B D:\A\!Eds\INTERNET\ICREATOR\physics\fiz3.htm --> web03.nthost.ru /icreator.ru/physics fiz3.htm
107.10.25 15:11 B D:\A\!Eds\INTERNET\ICREATOR\physics\fiz4.htm --> web03.nthost.ru /icreator.ru/physics fiz4.htm
107.10.25 15:11 B D:\A\!Eds\INTERNET\ICREATOR\physics\fizic2.htm --> web03.nthost.ru /icreator.ru/physics fizic2.htm
107.10.25 15:12 B D:\A\!Eds\INTERNET\ICREATOR\physics\fizic21.htm --> web03.nthost.ru /icreator.ru/physics fizic21.htm
107.10.25 15:12 B D:\A\!Eds\INTERNET\ICREATOR\physics\index.htm --> web03.nthost.ru /icreator.ru/physics index.htm
107.10.25 15:12 B D:\A\!Eds\INTERNET\ICREATOR\physics\karno1.gif --> web03.nthost.ru /icreator.ru/physics karno1.gif
107.10.25 15:12 B D:\A\!Eds\INTERNET\ICREATOR\physics\karno2.gif --> web03.nthost.ru /icreator.ru/physics karno2.gif
107.10.25 15:12 B D:\A\!Eds\INTERNET\ICREATOR\physics\karno3.gif --> web03.nthost.ru /icreator.ru/physics karno3.gif
107.10.25 15:12 B D:\A\!Eds\INTERNET\ICREATOR\physics\karno4.gif --> web03.nthost.ru /icreator.ru/physics karno4.gif
107.10.25 15:12 B D:\A\!Eds\INTERNET\ICREATOR\physics\main_physics.htm --> web03.nthost.ru /icreator.ru/physics main_physics.htm
107.10.25 15:12 B D:\A\!Eds\INTERNET\ICREATOR\physics\Thumbs.db --> web03.nthost.ru /icreator.ru/physics Thumbs.db
107.10.25 15:12 B D:\A\!Eds\INTERNET\ICREATOR\physics\ws_ftp.log --> web03.nthost.ru /icreator.ru/physics ws_ftp.log
108.11.05 10:19 B D:\A\!Eds\INTERNET\ICREATOR\physics\!fizic2.gif --> web03.nthost.ru /icreator.ru/physics !fizic2.gif
108.11.05 10:19 B D:\A\!Eds\INTERNET\ICREATOR\physics\big-boom.htm --> web03.nthost.ru /icreator.ru/physics big-boom.htm
108.11.05 10:19 B D:\A\!Eds\INTERNET\ICREATOR\physics\dem1.bmp --> web03.nthost.ru /icreator.ru/physics dem1.bmp
108.11.05 10:19 B D:\A\!Eds\INTERNET\ICREATOR\physics\dem-mas.htm --> web03.nthost.ru /icreator.ru/physics dem-mas.htm
108.11.05 10:19 B D:\A\!Eds\INTERNET\ICREATOR\physics\div-tube.htm --> web03.nthost.ru /icreator.ru/physics div-tube.htm
108.11.05 10:19 B D:\A\!Eds\INTERNET\ICREATOR\physics\entro2.htm --> web03.nthost.ru /icreator.ru/physics entro2.htm
108.11.05 10:19 B D:\A\!Eds\INTERNET\ICREATOR\physics\entropya.html --> web03.nthost.ru /icreator.ru/physics entropya.html
108.11.05 10:19 B D:\A\!Eds\INTERNET\ICREATOR\physics\fiz1.htm --> web03.nthost.ru /icreator.ru/physics fiz1.htm
108.11.05 10:19 B D:\A\!Eds\INTERNET\ICREATOR\physics\fiz2.htm --> web03.nthost.ru /icreator.ru/physics fiz2.htm
108.11.05 10:19 B D:\A\!Eds\INTERNET\ICREATOR\physics\fiz3.htm --> web03.nthost.ru /icreator.ru/physics fiz3.htm
108.11.05 10:19 B D:\A\!Eds\INTERNET\ICREATOR\physics\fiz4.htm --> web03.nthost.ru /icreator.ru/physics fiz4.htm
108.11.05 10:19 B D:\A\!Eds\INTERNET\ICREATOR\physics\fizic08sput.htm --> web03.nthost.ru /icreator.ru/physics fizic08sput.htm
108.11.05 10:19 B D:\A\!Eds\INTERNET\ICREATOR\physics\fizic08sput-tables.htm --> web03.nthost.ru /icreator.ru/physics fizic08sput-tables.htm
108.11.05 10:19 B D:\A\!Eds\INTERNET\ICREATOR\physics\fizic2.htm --> web03.nthost.ru /icreator.ru/physics fizic2.htm
108.11.05 10:19 B D:\A\!Eds\INTERNET\ICREATOR\physics\index.htm --> web03.nthost.ru /icreator.ru/physics index.htm
108.11.05 10:19 B D:\A\!Eds\INTERNET\ICREATOR\physics\main_physics.htm --> web03.nthost.ru /icreator.ru/physics main_physics.htm
108.11.05 10:19 B D:\A\!Eds\INTERNET\ICREATOR\physics\mis-karno.htm --> web03.nthost.ru /icreator.ru/physics mis-karno.htm
108.11.05 10:19 B D:\A\!Eds\INTERNET\ICREATOR\physics\mis-karno001.png --> web03.nthost.ru /icreator.ru/physics mis-karno001.png
108.11.05 10:19 B D:\A\!Eds\INTERNET\ICREATOR\physics\mis-karno003.png --> web03.nthost.ru /icreator.ru/physics mis-karno003.png
108.11.05 10:19 B D:\A\!Eds\INTERNET\ICREATOR\physics\mis-karno005.jpg --> web03.nthost.ru /icreator.ru/physics mis-karno005.jpg
108.11.05 10:19 B D:\A\!Eds\INTERNET\ICREATOR\physics\mis-karno006.png --> web03.nthost.ru /icreator.ru/physics mis-karno006.png
108.11.05 10:19 B D:\A\!Eds\INTERNET\ICREATOR\physics\mis-karno007.png --> web03.nthost.ru /icreator.ru/physics mis-karno007.png
108.11.05 10:19 B D:\A\!Eds\INTERNET\ICREATOR\physics\mis-karno1.htm --> web03.nthost.ru /icreator.ru/physics mis-karno1.htm
108.11.05 10:19 B D:\A\!Eds\INTERNET\ICREATOR\physics\no-ice.htm --> web03.nthost.ru /icreator.ru/physics no-ice.htm
108.11.05 10:20 B D:\A\!Eds\INTERNET\ICREATOR\physics\no-ice.htm --> web03.nthost.ru /icreator.ru/physics no-ice.htm
108.11.05 10:20 B D:\A\!Eds\INTERNET\ICREATOR\physics\tz0807.htm --> web03.nthost.ru /icreator.ru/physics tz0807.htm
108.11.05 10:20 B D:\A\!Eds\INTERNET\ICREATOR\physics\tz0807tab.htm --> web03.nthost.ru /icreator.ru/physics tz0807tab.htm
108.11.29 21:53 B D:\A\!Eds\INTERNET\ICREATOR\physics\index.htm --> web03.nthost.ru /icreator.ru/physics index.htm
108.11.29 21:57 B D:\A\!Eds\INTERNET\ICREATOR\physics\index.htm --> web03.nthost.ru /icreator.ru/physics index.htm
108.11.29 21:58 B D:\A\!Eds\INTERNET\ICREATOR\physics\index.htm --> web03.nthost.ru /icreator.ru/physics index.htm
108.11.29 22:04 B D:\A\!Eds\INTERNET\ICREATOR\physics\main_physics.htm --> web03.nthost.ru /icreator.ru/physics main_physics.htm
108.11.29 22:07 B D:\A\!Eds\INTERNET\ICREATOR\physics\entro2.htm --> web03.nthost.ru /icreator.ru/physics entro2.htm
108.11.29 22:14 B D:\A\!Eds\INTERNET\ICREATOR\physics\big-boom.htm --> web03.nthost.ru /icreator.ru/physics big-boom.htm
108.11.29 22:15 B D:\A\!Eds\INTERNET\ICREATOR\physics\big-boom.htm --> web03.nthost.ru /icreator.ru/physics big-boom.htm
