102.04.09 10:49 B c:\a\!eds\internet\icreator\ideas\index.htm --> dol.ru /WWW/ideas index.htm
102.05.10 10:57 B c:\a\!eds\internet\icreator\ideas\index.htm --> dol.ru /WWW/ideas index.htm
102.08.02 19:24 B c:\a\!eds\internet\icreator\ideas\index.htm --> dol.ru /WWW/ideas index.htm
102.08.04 20:01 B c:\a\!eds\internet\icreator\ideas\auto1.gif --> dol.ru /WWW/ideas auto1.gif
102.08.04 20:01 B c:\a\!eds\internet\icreator\ideas\index.htm --> dol.ru /WWW/ideas index.htm
102.08.04 20:04 B c:\a\!eds\internet\icreator\ideas\index.htm --> dol.ru /WWW/ideas index.htm
102.09.06 07:42 B c:\a\!eds\internet\icreator\ideas\index.htm --> dol.ru /WWW/ideas index.htm
102.09.11 23:10 B c:\a\!eds\internet\icreator\ideas\index.htm --> dol.ru /WWW/ideas index.htm
102.10.09 09:39 B c:\a\!eds\internet\icreator\ideas\index.htm --> dol.ru /WWW/ideas index.htm
103.05.17 15:00 B c:\a\!eds\internet\icreator\ideas\index.htm --> dol.ru /WWW/ideas index.htm
103.05.20 19:25 B c:\a\!eds\internet\icreator\ideas\index.htm --> dol.ru /WWW/ideas index.htm
103.05.23 09:56 B c:\a\!eds\internet\icreator\ideas\index.htm --> dol.ru /WWW/ideas index.htm
103.11.06 13:39 B c:\a\!eds\internet\icreator\ideas\index.htm --> dol.ru /WWW/ideas index.htm
105.09.18 16:28 B D:\A\!Eds\INTERNET\ICREATOR\ideas\ideas_they.htm --> dol.ru /WWW/ideas ideas_they.htm
105.09.18 16:28 B D:\A\!Eds\INTERNET\ICREATOR\ideas\index.htm --> dol.ru /WWW/ideas index.htm
105.09.18 17:57 B D:\A\!Eds\INTERNET\ICREATOR\ideas\ideas_they.htm --> dol.ru /WWW/ideas ideas_they.htm
105.09.18 17:57 B D:\A\!Eds\INTERNET\ICREATOR\ideas\index.htm --> dol.ru /WWW/ideas index.htm
107.10.25 14:55 B D:\A\!Eds\INTERNET\ICREATOR\ideas\auto1.gif --> web03.nthost.ru /icreator.ru/ideas auto1.gif
107.10.25 14:55 B D:\A\!Eds\INTERNET\ICREATOR\ideas\ideas_they.htm --> web03.nthost.ru /icreator.ru/ideas ideas_they.htm
107.10.25 14:55 B D:\A\!Eds\INTERNET\ICREATOR\ideas\index.htm --> web03.nthost.ru /icreator.ru/ideas index.htm
107.10.25 14:55 B D:\A\!Eds\INTERNET\ICREATOR\ideas\index1.htm --> web03.nthost.ru /icreator.ru/ideas index1.htm
107.10.25 14:55 B D:\A\!Eds\INTERNET\ICREATOR\ideas\Thumbs.db --> web03.nthost.ru /icreator.ru/ideas Thumbs.db
107.10.25 14:55 B D:\A\!Eds\INTERNET\ICREATOR\ideas\ws_ftp.log --> web03.nthost.ru /icreator.ru/ideas ws_ftp.log
