102.05.19 16:41 B c:\a\!eds\internet\icreator\ii\index.htm --> dol.ru /WWW/ii index.htm
102.05.19 16:41 B c:\a\!eds\internet\icreator\ii\main_aim.htm --> dol.ru /WWW/ii main_aim.htm
102.06.02 01:26 B c:\a\!eds\internet\icreator\ii\index.htm --> dol.ru /WWW/ii index.htm
102.06.20 11:48 B c:\a\!eds\internet\icreator\ii\index.htm --> dol.ru /WWW/ii index.htm
102.06.26 12:30 B c:\a\!eds\internet\icreator\ii\main_aim.htm --> dol.ru /WWW/ii main_aim.htm
102.06.26 23:38 B c:\a\!eds\internet\icreator\ii\index.htm --> dol.ru /WWW/ii index.htm
102.07.05 12:07 B c:\a\!eds\internet\icreator\ii\main_aim.htm --> dol.ru /WWW/ii main_aim.htm
102.07.09 07:36 B c:\a\!eds\internet\icreator\ii\main_aim.htm --> dol.ru /WWW/ii main_aim.htm
102.11.10 14:00 B c:\a\!eds\internet\icreator\ii\main_aim.htm --> dol.ru /WWW/ii main_aim.htm
103.04.02 21:48 B c:\a\!eds\internet\icreator\ii\ciborg.htm --> dol.ru /WWW/ii ciborg.htm
103.04.02 21:48 B c:\a\!eds\internet\icreator\ii\index.htm --> dol.ru /WWW/ii index.htm
103.05.20 19:25 B c:\a\!eds\internet\icreator\ii\aim_gen.htm --> dol.ru /WWW/ii aim_gen.htm
103.05.20 19:25 B c:\a\!eds\internet\icreator\ii\ciborg.htm --> dol.ru /WWW/ii ciborg.htm
103.05.20 19:25 B c:\a\!eds\internet\icreator\ii\index.htm --> dol.ru /WWW/ii index.htm
103.05.20 19:25 B c:\a\!eds\internet\icreator\ii\main_aim.htm --> dol.ru /WWW/ii main_aim.htm
103.05.20 19:25 B c:\a\!eds\internet\icreator\ii\aim_gen.htm --> dol.ru /WWW/ii aim_gen.htm
103.05.20 19:25 B c:\a\!eds\internet\icreator\ii\ciborg.htm --> dol.ru /WWW/ii ciborg.htm
103.05.20 19:25 B c:\a\!eds\internet\icreator\ii\index.htm --> dol.ru /WWW/ii index.htm
103.05.20 19:25 B c:\a\!eds\internet\icreator\ii\main_aim.htm --> dol.ru /WWW/ii main_aim.htm
104.03.18 08:51 B c:\a\!eds\internet\icreator\ii\main_aim.htm --> dol.ru /WWW/ii main_aim.htm
104.03.18 08:52 B c:\a\!eds\internet\icreator\ii\reply.htm --> dol.ru /WWW/ii reply.htm
104.03.18 08:53 B c:\a\!eds\internet\icreator\ii\reply.htm --> dol.ru /WWW/ii reply.htm
107.10.25 14:55 B D:\A\!Eds\INTERNET\ICREATOR\ii\aim_gen.htm --> web03.nthost.ru /icreator.ru/ii aim_gen.htm
107.10.25 14:55 B D:\A\!Eds\INTERNET\ICREATOR\ii\ciborg.htm --> web03.nthost.ru /icreator.ru/ii ciborg.htm
107.10.25 14:56 B D:\A\!Eds\INTERNET\ICREATOR\ii\filrazum.doc --> web03.nthost.ru /icreator.ru/ii filrazum.doc
107.10.25 14:56 B D:\A\!Eds\INTERNET\ICREATOR\ii\index.htm --> web03.nthost.ru /icreator.ru/ii index.htm
107.10.25 14:56 B D:\A\!Eds\INTERNET\ICREATOR\ii\main_aim.htm --> web03.nthost.ru /icreator.ru/ii main_aim.htm
107.10.25 14:56 B D:\A\!Eds\INTERNET\ICREATOR\ii\reply.htm --> web03.nthost.ru /icreator.ru/ii reply.htm
107.10.25 14:56 B D:\A\!Eds\INTERNET\ICREATOR\ii\ws_ftp.log --> web03.nthost.ru /icreator.ru/ii ws_ftp.log
107.10.25 14:56 B D:\A\!Eds\INTERNET\ICREATOR\ii\О смысле жизни.eml --> web03.nthost.ru /icreator.ru/ii О смысле жизни.eml
108.11.05 10:18 B D:\A\!Eds\INTERNET\ICREATOR\ii\aim_gen.htm --> web03.nthost.ru /icreator.ru/ii aim_gen.htm
108.11.05 10:18 B D:\A\!Eds\INTERNET\ICREATOR\ii\ciborg.htm --> web03.nthost.ru /icreator.ru/ii ciborg.htm
108.11.05 10:18 B D:\A\!Eds\INTERNET\ICREATOR\ii\filrazum.doc --> web03.nthost.ru /icreator.ru/ii filrazum.doc
108.11.05 10:18 B D:\A\!Eds\INTERNET\ICREATOR\ii\index.htm --> web03.nthost.ru /icreator.ru/ii index.htm
108.11.05 10:18 B D:\A\!Eds\INTERNET\ICREATOR\ii\main_aim.htm --> web03.nthost.ru /icreator.ru/ii main_aim.htm
108.11.05 10:18 B D:\A\!Eds\INTERNET\ICREATOR\ii\reply.htm --> web03.nthost.ru /icreator.ru/ii reply.htm
