103.04.02 12:29 B c:\a\!eds\internet\icreator\energy\free.htm --> dol.ru /WWW/energy free.htm
103.04.02 12:29 B c:\a\!eds\internet\icreator\energy\free1.htm --> dol.ru /WWW/energy free1.htm
103.04.02 12:29 B c:\a\!eds\internet\icreator\energy\free1.zip --> dol.ru /WWW/energy free1.zip
103.04.02 12:29 B c:\a\!eds\internet\icreator\energy\index.htm --> dol.ru /WWW/energy index.htm
103.04.02 12:31 B c:\a\!eds\internet\icreator\energy\free.htm --> dol.ru /WWW/energy free.htm
103.04.06 10:49 B c:\a\!eds\internet\icreator\energy\free1.htm --> dol.ru /WWW/energy free1.htm
103.05.20 19:24 B c:\a\!eds\internet\icreator\energy\free.htm --> dol.ru /WWW/energy free.htm
103.05.20 19:24 B c:\a\!eds\internet\icreator\energy\free1.htm --> dol.ru /WWW/energy free1.htm
103.05.20 19:24 B c:\a\!eds\internet\icreator\energy\index.htm --> dol.ru /WWW/energy index.htm
104.04.03 13:33 B c:\a\!eds\internet\icreator\energy\avr1.gif --> dol.ru /WWW/energy avr1.gif
104.04.03 13:33 B c:\a\!eds\internet\icreator\energy\avr1.htm --> dol.ru /WWW/energy avr1.htm
104.04.03 13:33 B c:\a\!eds\internet\icreator\energy\index.htm --> dol.ru /WWW/energy index.htm
104.04.03 13:33 B c:\a\!eds\internet\icreator\energy\unk-int.htm --> dol.ru /WWW/energy unk-int.htm
104.04.04 19:42 B c:\a\!eds\internet\icreator\energy\avr1.htm --> dol.ru /WWW/energy avr1.htm
104.04.04 19:55 B c:\a\!eds\internet\icreator\energy\avr1.htm --> dol.ru /WWW/energy avr1.htm
104.04.04 21:45 B c:\a\!eds\internet\icreator\energy\avr1.htm --> dol.ru /WWW/energy avr1.htm
104.04.04 21:48 B c:\a\!eds\internet\icreator\energy\avr1.htm --> dol.ru /WWW/energy avr1.htm
107.10.25 14:54 B D:\A\!Eds\INTERNET\ICREATOR\energy\avr1.gif --> web03.nthost.ru /icreator.ru/energy avr1.gif
107.10.25 14:54 B D:\A\!Eds\INTERNET\ICREATOR\energy\avr1.htm --> web03.nthost.ru /icreator.ru/energy avr1.htm
107.10.25 14:55 B D:\A\!Eds\INTERNET\ICREATOR\energy\free.htm --> web03.nthost.ru /icreator.ru/energy free.htm
107.10.25 14:55 B D:\A\!Eds\INTERNET\ICREATOR\energy\free1.htm --> web03.nthost.ru /icreator.ru/energy free1.htm
107.10.25 14:55 B D:\A\!Eds\INTERNET\ICREATOR\energy\free1.zip --> web03.nthost.ru /icreator.ru/energy free1.zip
107.10.25 14:55 B D:\A\!Eds\INTERNET\ICREATOR\energy\index.htm --> web03.nthost.ru /icreator.ru/energy index.htm
107.10.25 14:55 B D:\A\!Eds\INTERNET\ICREATOR\energy\Thumbs.db --> web03.nthost.ru /icreator.ru/energy Thumbs.db
107.10.25 14:55 B D:\A\!Eds\INTERNET\ICREATOR\energy\unk-int.htm --> web03.nthost.ru /icreator.ru/energy unk-int.htm
107.10.25 14:55 B D:\A\!Eds\INTERNET\ICREATOR\energy\ws_ftp.log --> web03.nthost.ru /icreator.ru/energy ws_ftp.log
107.10.25 14:55 B D:\A\!Eds\INTERNET\ICREATOR\energy\передача по одному проводу.htm --> web03.nthost.ru /icreator.ru/energy передача по одному проводу.htm
108.11.05 10:17 B D:\A\!Eds\INTERNET\ICREATOR\energy\avr1.gif --> web03.nthost.ru /icreator.ru/energy avr1.gif
108.11.05 10:17 B D:\A\!Eds\INTERNET\ICREATOR\energy\avr1.htm --> web03.nthost.ru /icreator.ru/energy avr1.htm
108.11.05 10:17 B D:\A\!Eds\INTERNET\ICREATOR\energy\ff-hz.htm --> web03.nthost.ru /icreator.ru/energy ff-hz.htm
108.11.05 10:17 B D:\A\!Eds\INTERNET\ICREATOR\energy\free.htm --> web03.nthost.ru /icreator.ru/energy free.htm
108.11.05 10:17 B D:\A\!Eds\INTERNET\ICREATOR\energy\free1.htm --> web03.nthost.ru /icreator.ru/energy free1.htm
108.11.05 10:17 B D:\A\!Eds\INTERNET\ICREATOR\energy\free1.zip --> web03.nthost.ru /icreator.ru/energy free1.zip
108.11.05 10:17 B D:\A\!Eds\INTERNET\ICREATOR\energy\index.htm --> web03.nthost.ru /icreator.ru/energy index.htm
108.11.05 10:17 B D:\A\!Eds\INTERNET\ICREATOR\energy\Thumbs.db --> web03.nthost.ru /icreator.ru/energy Thumbs.db
108.11.05 10:17 B D:\A\!Eds\INTERNET\ICREATOR\energy\unk-int.htm --> web03.nthost.ru /icreator.ru/energy unk-int.htm
