107.10.25 14:57 B D:\A\!Eds\INTERNET\ICREATOR\isearch\1\!ВопросыОснов.txt --> web03.nthost.ru /icreator.ru/isearch/1 !ВопросыОснов.txt
107.10.25 14:57 B D:\A\!Eds\INTERNET\ICREATOR\isearch\1\!ВопросыПредлог.txt --> web03.nthost.ru /icreator.ru/isearch/1 !ВопросыПредлог.txt
107.10.25 14:57 B D:\A\!Eds\INTERNET\ICREATOR\isearch\1\!описание.doc --> web03.nthost.ru /icreator.ru/isearch/1 !описание.doc
107.10.25 14:57 B D:\A\!Eds\INTERNET\ICREATOR\isearch\1\!упрощенный язык.doc --> web03.nthost.ru /icreator.ru/isearch/1 !упрощенный язык.doc
107.10.25 14:57 B D:\A\!Eds\INTERNET\ICREATOR\isearch\1\1возвратное.txt --> web03.nthost.ru /icreator.ru/isearch/1 1возвратное.txt
107.10.25 14:57 B D:\A\!Eds\INTERNET\ICREATOR\isearch\1\1знания2.txt --> web03.nthost.ru /icreator.ru/isearch/1 1знания2.txt
107.10.25 14:57 B D:\A\!Eds\INTERNET\ICREATOR\isearch\1\base.fct --> web03.nthost.ru /icreator.ru/isearch/1 base.fct
107.10.25 14:58 B D:\A\!Eds\INTERNET\ICREATOR\isearch\1\info.exe --> web03.nthost.ru /icreator.ru/isearch/1 info.exe
107.10.25 14:58 B D:\A\!Eds\INTERNET\ICREATOR\isearch\1\Query1.txt --> web03.nthost.ru /icreator.ru/isearch/1 Query1.txt
107.10.25 14:58 B D:\A\!Eds\INTERNET\ICREATOR\isearch\1\Query11.txt --> web03.nthost.ru /icreator.ru/isearch/1 Query11.txt
107.10.25 14:58 B D:\A\!Eds\INTERNET\ICREATOR\isearch\1\Query12.txt --> web03.nthost.ru /icreator.ru/isearch/1 Query12.txt
107.10.25 14:58 B D:\A\!Eds\INTERNET\ICREATOR\isearch\1\Query13.txt --> web03.nthost.ru /icreator.ru/isearch/1 Query13.txt
107.10.25 14:58 B D:\A\!Eds\INTERNET\ICREATOR\isearch\1\Query2.txt --> web03.nthost.ru /icreator.ru/isearch/1 Query2.txt
107.10.25 14:58 B D:\A\!Eds\INTERNET\ICREATOR\isearch\1\Query21.txt --> web03.nthost.ru /icreator.ru/isearch/1 Query21.txt
107.10.25 14:58 B D:\A\!Eds\INTERNET\ICREATOR\isearch\1\Query3.txt --> web03.nthost.ru /icreator.ru/isearch/1 Query3.txt
107.10.25 14:58 B D:\A\!Eds\INTERNET\ICREATOR\isearch\1\Query4.txt --> web03.nthost.ru /icreator.ru/isearch/1 Query4.txt
107.10.25 14:58 B D:\A\!Eds\INTERNET\ICREATOR\isearch\1\Query5.txt --> web03.nthost.ru /icreator.ru/isearch/1 Query5.txt
107.10.25 14:58 B D:\A\!Eds\INTERNET\ICREATOR\isearch\1\Query6.txt --> web03.nthost.ru /icreator.ru/isearch/1 Query6.txt
107.10.25 14:58 B D:\A\!Eds\INTERNET\ICREATOR\isearch\1\Query61.txt --> web03.nthost.ru /icreator.ru/isearch/1 Query61.txt
107.10.25 14:58 B D:\A\!Eds\INTERNET\ICREATOR\isearch\1\Query62.txt --> web03.nthost.ru /icreator.ru/isearch/1 Query62.txt
107.10.25 14:58 B D:\A\!Eds\INTERNET\ICREATOR\isearch\1\Query63.txt --> web03.nthost.ru /icreator.ru/isearch/1 Query63.txt
107.10.25 14:58 B D:\A\!Eds\INTERNET\ICREATOR\isearch\1\Query7.txt --> web03.nthost.ru /icreator.ru/isearch/1 Query7.txt
107.10.25 14:58 B D:\A\!Eds\INTERNET\ICREATOR\isearch\1\Query71.txt --> web03.nthost.ru /icreator.ru/isearch/1 Query71.txt
107.10.25 14:58 B D:\A\!Eds\INTERNET\ICREATOR\isearch\1\Query72.txt --> web03.nthost.ru /icreator.ru/isearch/1 Query72.txt
107.10.25 14:58 B D:\A\!Eds\INTERNET\ICREATOR\isearch\1\Query8.txt --> web03.nthost.ru /icreator.ru/isearch/1 Query8.txt
107.10.25 14:58 B D:\A\!Eds\INTERNET\ICREATOR\isearch\1\Query81.txt --> web03.nthost.ru /icreator.ru/isearch/1 Query81.txt
107.10.25 14:58 B D:\A\!Eds\INTERNET\ICREATOR\isearch\1\Query82.txt --> web03.nthost.ru /icreator.ru/isearch/1 Query82.txt
107.10.25 14:58 B D:\A\!Eds\INTERNET\ICREATOR\isearch\1\Query83.txt --> web03.nthost.ru /icreator.ru/isearch/1 Query83.txt
107.10.25 14:58 B D:\A\!Eds\INTERNET\ICREATOR\isearch\1\Query9.txt --> web03.nthost.ru /icreator.ru/isearch/1 Query9.txt
107.10.25 14:58 B D:\A\!Eds\INTERNET\ICREATOR\isearch\1\Query91.txt --> web03.nthost.ru /icreator.ru/isearch/1 Query91.txt
107.10.25 14:59 B D:\A\!Eds\INTERNET\ICREATOR\isearch\1\деепричастия.txt --> web03.nthost.ru /icreator.ru/isearch/1 деепричастия.txt
107.10.25 14:59 B D:\A\!Eds\INTERNET\ICREATOR\isearch\1\знания.db~ --> web03.nthost.ru /icreator.ru/isearch/1 знания.db~
107.10.25 14:59 B D:\A\!Eds\INTERNET\ICREATOR\isearch\1\знания.dba --> web03.nthost.ru /icreator.ru/isearch/1 знания.dba
107.10.25 14:59 B D:\A\!Eds\INTERNET\ICREATOR\isearch\1\местоимения.txt --> web03.nthost.ru /icreator.ru/isearch/1 местоимения.txt
107.10.25 14:59 B D:\A\!Eds\INTERNET\ICREATOR\isearch\1\нет_слов.BAK --> web03.nthost.ru /icreator.ru/isearch/1 нет_слов.BAK
107.10.25 14:59 B D:\A\!Eds\INTERNET\ICREATOR\isearch\1\нет_слов.txt --> web03.nthost.ru /icreator.ru/isearch/1 нет_слов.txt
107.10.25 14:59 B D:\A\!Eds\INTERNET\ICREATOR\isearch\1\общие.fct --> web03.nthost.ru /icreator.ru/isearch/1 общие.fct
107.10.25 15:00 B D:\A\!Eds\INTERNET\ICREATOR\isearch\1\ответы.db~ --> web03.nthost.ru /icreator.ru/isearch/1 ответы.db~
107.10.25 15:01 B D:\A\!Eds\INTERNET\ICREATOR\isearch\1\ответы.dba --> web03.nthost.ru /icreator.ru/isearch/1 ответы.dba
107.10.25 15:01 B D:\A\!Eds\INTERNET\ICREATOR\isearch\1\правила.db~ --> web03.nthost.ru /icreator.ru/isearch/1 правила.db~
107.10.25 15:01 B D:\A\!Eds\INTERNET\ICREATOR\isearch\1\правила.dba --> web03.nthost.ru /icreator.ru/isearch/1 правила.dba
107.10.25 15:01 B D:\A\!Eds\INTERNET\ICREATOR\isearch\1\правила_языка.db~ --> web03.nthost.ru /icreator.ru/isearch/1 правила_языка.db~
107.10.25 15:01 B D:\A\!Eds\INTERNET\ICREATOR\isearch\1\правила_языка.dba --> web03.nthost.ru /icreator.ru/isearch/1 правила_языка.dba
107.10.25 15:01 B D:\A\!Eds\INTERNET\ICREATOR\isearch\1\сказ!1.txt --> web03.nthost.ru /icreator.ru/isearch/1 сказ!1.txt
107.10.25 15:01 B D:\A\!Eds\INTERNET\ICREATOR\isearch\1\сказ.txt --> web03.nthost.ru /icreator.ru/isearch/1 сказ.txt
107.10.25 15:01 B D:\A\!Eds\INTERNET\ICREATOR\isearch\1\сказ1.txt --> web03.nthost.ru /icreator.ru/isearch/1 сказ1.txt
107.10.25 15:01 B D:\A\!Eds\INTERNET\ICREATOR\isearch\1\сказ2.txt --> web03.nthost.ru /icreator.ru/isearch/1 сказ2.txt
107.10.25 15:01 B D:\A\!Eds\INTERNET\ICREATOR\isearch\1\сказы.db~ --> web03.nthost.ru /icreator.ru/isearch/1 сказы.db~
107.10.25 15:01 B D:\A\!Eds\INTERNET\ICREATOR\isearch\1\сказы.dba --> web03.nthost.ru /icreator.ru/isearch/1 сказы.dba
107.10.25 15:03 B D:\A\!Eds\INTERNET\ICREATOR\isearch\1\словарь.db~ --> web03.nthost.ru /icreator.ru/isearch/1 словарь.db~
107.10.25 15:04 B D:\A\!Eds\INTERNET\ICREATOR\isearch\1\словарь.dba --> web03.nthost.ru /icreator.ru/isearch/1 словарь.dba
107.10.25 15:04 B D:\A\!Eds\INTERNET\ICREATOR\isearch\1\словарь.txt --> web03.nthost.ru /icreator.ru/isearch/1 словарь.txt
107.10.25 15:04 B D:\A\!Eds\INTERNET\ICREATOR\isearch\1\словарь_память.db~ --> web03.nthost.ru /icreator.ru/isearch/1 словарь_память.db~
107.10.25 15:04 B D:\A\!Eds\INTERNET\ICREATOR\isearch\1\словарь_память.dba --> web03.nthost.ru /icreator.ru/isearch/1 словарь_память.dba
107.10.25 15:04 B D:\A\!Eds\INTERNET\ICREATOR\isearch\1\сообщения.txt --> web03.nthost.ru /icreator.ru/isearch/1 сообщения.txt
107.10.25 15:04 B D:\A\!Eds\INTERNET\ICREATOR\isearch\1\список0.txt --> web03.nthost.ru /icreator.ru/isearch/1 список0.txt
107.10.25 15:04 B D:\A\!Eds\INTERNET\ICREATOR\isearch\1\список1.txt --> web03.nthost.ru /icreator.ru/isearch/1 список1.txt
107.10.25 15:04 B D:\A\!Eds\INTERNET\ICREATOR\isearch\1\список2.txt --> web03.nthost.ru /icreator.ru/isearch/1 список2.txt
107.10.25 15:04 B D:\A\!Eds\INTERNET\ICREATOR\isearch\1\список21.txt --> web03.nthost.ru /icreator.ru/isearch/1 список21.txt
107.10.25 15:04 B D:\A\!Eds\INTERNET\ICREATOR\isearch\1\список3.txt --> web03.nthost.ru /icreator.ru/isearch/1 список3.txt
107.10.25 15:04 B D:\A\!Eds\INTERNET\ICREATOR\isearch\1\список4.txt --> web03.nthost.ru /icreator.ru/isearch/1 список4.txt
107.10.25 15:04 B D:\A\!Eds\INTERNET\ICREATOR\isearch\1\список5.txt --> web03.nthost.ru /icreator.ru/isearch/1 список5.txt
107.10.25 15:04 B D:\A\!Eds\INTERNET\ICREATOR\isearch\1\список6.txt --> web03.nthost.ru /icreator.ru/isearch/1 список6.txt
107.10.25 15:04 B D:\A\!Eds\INTERNET\ICREATOR\isearch\1\текст1.txt --> web03.nthost.ru /icreator.ru/isearch/1 текст1.txt
107.10.25 15:04 B D:\A\!Eds\INTERNET\ICREATOR\isearch\1\текст11.txt --> web03.nthost.ru /icreator.ru/isearch/1 текст11.txt
107.10.25 15:04 B D:\A\!Eds\INTERNET\ICREATOR\isearch\1\транзист.txt --> web03.nthost.ru /icreator.ru/isearch/1 транзист.txt
107.10.25 15:04 B D:\A\!Eds\INTERNET\ICREATOR\isearch\1\частота1.txt --> web03.nthost.ru /icreator.ru/isearch/1 частота1.txt
107.10.25 15:04 B D:\A\!Eds\INTERNET\ICREATOR\isearch\1\числа.txt --> web03.nthost.ru /icreator.ru/isearch/1 числа.txt
107.10.25 15:04 B D:\A\!Eds\INTERNET\ICREATOR\isearch\1\числа1.txt --> web03.nthost.ru /icreator.ru/isearch/1 числа1.txt
107.10.25 15:04 B D:\A\!Eds\INTERNET\ICREATOR\isearch\1\числа1а.txt --> web03.nthost.ru /icreator.ru/isearch/1 числа1а.txt
107.10.25 15:04 B D:\A\!Eds\INTERNET\ICREATOR\isearch\1\числа1б.txt --> web03.nthost.ru /icreator.ru/isearch/1 числа1б.txt
107.10.25 15:05 B D:\A\!Eds\INTERNET\ICREATOR\isearch\1\числа2.txt --> web03.nthost.ru /icreator.ru/isearch/1 числа2.txt
107.10.25 15:05 B D:\A\!Eds\INTERNET\ICREATOR\isearch\1\числа3.txt --> web03.nthost.ru /icreator.ru/isearch/1 числа3.txt
107.10.25 15:05 B D:\A\!Eds\INTERNET\ICREATOR\isearch\1\числа4.txt --> web03.nthost.ru /icreator.ru/isearch/1 числа4.txt
107.10.25 15:05 B D:\A\!Eds\INTERNET\ICREATOR\isearch\1\числа5.txt --> web03.nthost.ru /icreator.ru/isearch/1 числа5.txt
107.10.25 15:05 B D:\A\!Eds\INTERNET\ICREATOR\isearch\1\числа6.txt --> web03.nthost.ru /icreator.ru/isearch/1 числа6.txt
