101.10.29 12:10 B C:\A\!Eds\INTERNET\ICREATOR\programming\morfolog.htm --> dol.ru /WWW/programming morfolog.htm
101.10.29 12:11 B C:\A\!Eds\INTERNET\ICREATOR\programming\index.htm --> dol.ru /WWW/programming index.htm
101.10.29 12:12 B C:\A\!Eds\INTERNET\ICREATOR\programming\index.hnml --> dol.ru /WWW/programming index.hnml
101.10.29 12:13 B C:\A\!Eds\INTERNET\ICREATOR\programming\index.html --> dol.ru /WWW/programming index.html
101.11.12 11:22 B C:\A\!Eds\INTERNET\ICREATOR\programming\morfolog.htm --> dol.ru /WWW/programming morfolog.htm
101.11.12 11:22 B C:\A\!Eds\INTERNET\ICREATOR\programming\index.html --> dol.ru /WWW/programming index.html
101.11.22 09:31 B c:\a\!eds\internet\icreator\programming\index.html --> dol.ru /WWW/programming index.html
101.11.22 09:32 B c:\a\!eds\internet\icreator\programming\morfolog.htm --> dol.ru /WWW/programming morfolog.htm
101.11.24 18:47 B c:\a\!eds\internet\icreator\programming\index.html --> dol.ru /WWW/programming index.html
101.11.24 18:47 B c:\a\!eds\internet\icreator\programming\morfolog.htm --> dol.ru /WWW/programming morfolog.htm
101.11.24 21:51 B c:\a\!eds\internet\icreator\programming\morfolog.htm --> dol.ru /WWW/programming morfolog.htm
101.11.25 09:02 B c:\a\!eds\internet\icreator\programming\morfolog.htm --> dol.ru /WWW/programming morfolog.htm
101.12.13 20:16 B C:\A\!Eds\INTERNET\ICREATOR\programming\morfolog.htm --> dol.ru /WWW/programming morfolog.htm
102.03.17 09:17 B c:\a\!eds\internet\icreator\programming\morfolog.htm --> dol.ru /WWW/programming morfolog.htm
102.03.17 09:17 B c:\a\!eds\internet\icreator\programming\morfolog_o.htm --> dol.ru /WWW/programming morfolog_o.htm
102.03.17 09:20 B c:\a\!eds\internet\icreator\programming\morfolog_o.htm --> dol.ru /WWW/programming morfolog_o.htm
102.03.17 09:21 B c:\a\!eds\internet\icreator\programming\morfolog.htm --> dol.ru /WWW/programming morfolog.htm
102.03.17 09:23 B c:\a\!eds\internet\icreator\programming\morfolog.htm --> dol.ru /WWW/programming morfolog.htm
102.03.17 09:25 B c:\a\!eds\internet\icreator\programming\morfolog.htm --> dol.ru /WWW/programming morfolog.htm
102.03.17 09:28 B c:\a\!eds\internet\icreator\programming\morfolog.htm --> dol.ru /WWW/programming morfolog.htm
102.03.20 13:16 B c:\a\!eds\internet\icreator\programming\index.html --> dol.ru /WWW/programming index.html
102.03.20 13:16 B c:\a\!eds\internet\icreator\programming\chess.htm --> dol.ru /WWW/programming chess.htm
102.04.09 00:00 B c:\a\!eds\internet\icreator\programming\index.html --> dol.ru /WWW/programming index.html
102.04.09 00:00 B c:\a\!eds\internet\icreator\programming\sort_f.htm --> dol.ru /WWW/programming sort_f.htm
102.04.09 00:02 B c:\a\!eds\internet\icreator\programming\sort_f.htm --> dol.ru /WWW/programming sort_f.htm
102.04.09 00:16 B c:\a\!eds\internet\icreator\programming\sort_f.htm --> dol.ru /WWW/programming sort_f.htm
102.04.09 14:42 B c:\a\!eds\internet\icreator\programming\sort_f.htm --> dol.ru /WWW/programming sort_f.htm
102.04.11 12:26 B c:\a\!eds\internet\icreator\programming\chess.htm --> dol.ru /WWW/programming chess.htm
102.04.11 12:42 B c:\a\!eds\internet\icreator\programming\morfolog.htm --> dol.ru /WWW/programming morfolog.htm
102.05.05 12:03 B c:\a\!eds\internet\icreator\programming\chess.htm --> dol.ru /WWW/programming chess.htm
102.05.05 12:03 B c:\a\!eds\internet\icreator\programming\index.html --> dol.ru /WWW/programming index.html
102.05.05 12:03 B c:\a\!eds\internet\icreator\programming\morfolog.htm --> dol.ru /WWW/programming morfolog.htm
102.05.05 12:03 B c:\a\!eds\internet\icreator\programming\morfolog_o.htm --> dol.ru /WWW/programming morfolog_o.htm
102.05.05 12:03 B c:\a\!eds\internet\icreator\programming\sort_f.htm --> dol.ru /WWW/programming sort_f.htm
102.05.10 10:58 B c:\a\!eds\internet\icreator\programming\chess.htm --> dol.ru /WWW/programming chess.htm
102.05.10 10:58 B c:\a\!eds\internet\icreator\programming\index.html --> dol.ru /WWW/programming index.html
102.05.10 10:58 B c:\a\!eds\internet\icreator\programming\morfolog.htm --> dol.ru /WWW/programming morfolog.htm
102.05.10 10:58 B c:\a\!eds\internet\icreator\programming\morfolog_o.htm --> dol.ru /WWW/programming morfolog_o.htm
102.05.10 10:58 B c:\a\!eds\internet\icreator\programming\sort_f.htm --> dol.ru /WWW/programming sort_f.htm
102.05.16 12:53 B c:\a\!eds\internet\icreator\programming\sort_f.htm --> dol.ru /WWW/programming sort_f.htm
102.05.20 18:46 B c:\a\!eds\internet\icreator\programming\index.html --> dol.ru /WWW/programming index.html
102.05.20 18:47 B c:\a\!eds\internet\icreator\programming\rosa.htm --> dol.ru /WWW/programming rosa.htm
102.05.20 18:49 B c:\a\!eds\internet\icreator\programming\index.html --> dol.ru /WWW/programming index.html
102.05.20 18:51 B c:\a\!eds\internet\icreator\programming\index.html --> dol.ru /WWW/programming index.html
102.05.20 18:52 B c:\a\!eds\internet\icreator\programming\rosa.htm --> dol.ru /WWW/programming rosa.htm
102.05.20 18:52 B c:\a\!eds\internet\icreator\programming\index.html --> dol.ru /WWW/programming index.html
102.05.20 18:53 B c:\a\!eds\internet\icreator\programming\index.html --> dol.ru /WWW/programming index.html
102.05.20 18:54 A c:\a\!eds\internet\icreator\programming\index.html --> dol.ru /WWW/programming index.html
102.05.20 18:57 A c:\a\!eds\internet\icreator\programming\index.html --> dol.ru /WWW/programming index.html
102.05.20 18:58 B c:\a\!eds\internet\icreator\programming\index.html --> dol.ru /WWW/programming index.html
102.05.20 19:00 B c:\a\!eds\internet\icreator\programming\index.html --> dol.ru /WWW/programming index.html
102.05.20 19:02 B c:\a\!eds\internet\icreator\programming\index.html --> dol.ru /WWW/programming index.html
102.05.20 19:05 B c:\a\!eds\internet\icreator\programming\index.html --> dol.ru /WWW/programming index.html
102.05.20 19:05 B c:\a\!eds\internet\icreator\programming\rosa.htm --> dol.ru /WWW/programming rosa.htm
102.05.20 22:04 B c:\a\!eds\internet\icreator\programming\index.html --> dol.ru /WWW/programming index.html
102.05.20 22:04 B c:\a\!eds\internet\icreator\programming\rosa.htm --> dol.ru /WWW/programming rosa.htm
102.05.21 12:12 B c:\a\!eds\internet\icreator\programming\index.html --> dol.ru /WWW/programming index.html
102.05.21 12:12 B c:\a\!eds\internet\icreator\programming\unify.htm --> dol.ru /WWW/programming unify.htm
102.05.21 14:14 B c:\a\!eds\internet\icreator\programming\rosa.htm --> dol.ru /WWW/programming rosa.htm
102.06.02 01:26 B c:\a\!eds\internet\icreator\programming\index.html --> dol.ru /WWW/programming index.html
102.06.09 13:53 B c:\a\!eds\internet\icreator\programming\index.html --> dol.ru /WWW/programming index.html
102.06.09 13:53 B c:\a\!eds\internet\icreator\programming\cut_back.htm --> dol.ru /WWW/programming cut_back.htm
102.06.20 11:48 B c:\a\!eds\internet\icreator\programming\index.html --> dol.ru /WWW/programming index.html
102.07.09 07:36 B c:\a\!eds\internet\icreator\programming\index.html --> dol.ru /WWW/programming index.html
102.07.24 23:10 B c:\a\!eds\internet\ICREATOR\programming\chess.htm --> dol.ru /WWW/programming chess.htm
102.07.24 23:10 B c:\a\!eds\internet\ICREATOR\programming\cut_back.htm --> dol.ru /WWW/programming cut_back.htm
102.07.24 23:10 B c:\a\!eds\internet\ICREATOR\programming\index.html --> dol.ru /WWW/programming index.html
102.07.24 23:11 B c:\a\!eds\internet\ICREATOR\programming\morfolog.htm --> dol.ru /WWW/programming morfolog.htm
102.07.24 23:11 B c:\a\!eds\internet\ICREATOR\programming\morfolog_o.htm --> dol.ru /WWW/programming morfolog_o.htm
102.07.24 23:11 B c:\a\!eds\internet\ICREATOR\programming\rosa.htm --> dol.ru /WWW/programming rosa.htm
102.07.24 23:11 B c:\a\!eds\internet\ICREATOR\programming\sort_f.htm --> dol.ru /WWW/programming sort_f.htm
102.07.24 23:11 B c:\a\!eds\internet\ICREATOR\programming\unify.htm --> dol.ru /WWW/programming unify.htm
102.09.26 21:33 B c:\a\!eds\internet\icreator\programming\unify.htm --> dol.ru /WWW/programming unify.htm
102.09.26 21:35 B c:\a\!eds\internet\icreator\programming\unify.htm --> dol.ru /WWW/programming unify.htm
102.12.02 15:13 B c:\a\!eds\internet\icreator\programming\fish.htm --> dol.ru /WWW/programming fish.htm
102.12.02 15:15 B c:\a\!eds\internet\icreator\programming\index.html --> dol.ru /WWW/programming index.html
103.05.20 19:28 B c:\a\!eds\internet\icreator\programming\chess.htm --> dol.ru /WWW/programming chess.htm
103.05.20 19:28 B c:\a\!eds\internet\icreator\programming\cut_back.htm --> dol.ru /WWW/programming cut_back.htm
103.05.20 19:28 B c:\a\!eds\internet\icreator\programming\fish.htm --> dol.ru /WWW/programming fish.htm
103.05.20 19:28 B c:\a\!eds\internet\icreator\programming\index.html --> dol.ru /WWW/programming index.html
103.05.20 19:28 B c:\a\!eds\internet\icreator\programming\morfolog.htm --> dol.ru /WWW/programming morfolog.htm
103.05.20 19:28 B c:\a\!eds\internet\icreator\programming\morfolog_o.htm --> dol.ru /WWW/programming morfolog_o.htm
103.05.20 19:28 B c:\a\!eds\internet\icreator\programming\rosa.htm --> dol.ru /WWW/programming rosa.htm
103.05.20 19:28 B c:\a\!eds\internet\icreator\programming\sort_f.htm --> dol.ru /WWW/programming sort_f.htm
103.05.20 19:29 B c:\a\!eds\internet\icreator\programming\unify.htm --> dol.ru /WWW/programming unify.htm
107.10.25 15:05 B D:\A\!Eds\INTERNET\ICREATOR\programming\!1.doc --> web03.nthost.ru /icreator.ru/programming !1.doc
107.10.25 15:05 B D:\A\!Eds\INTERNET\ICREATOR\programming\chess.doc --> web03.nthost.ru /icreator.ru/programming chess.doc
107.10.25 15:05 B D:\A\!Eds\INTERNET\ICREATOR\programming\chess.htm --> web03.nthost.ru /icreator.ru/programming chess.htm
107.10.25 15:05 B D:\A\!Eds\INTERNET\ICREATOR\programming\cut_back.htm --> web03.nthost.ru /icreator.ru/programming cut_back.htm
107.10.25 15:05 B D:\A\!Eds\INTERNET\ICREATOR\programming\fish.htm --> web03.nthost.ru /icreator.ru/programming fish.htm
107.10.25 15:05 B D:\A\!Eds\INTERNET\ICREATOR\programming\index.html --> web03.nthost.ru /icreator.ru/programming index.html
107.10.25 15:05 B D:\A\!Eds\INTERNET\ICREATOR\programming\index2.html --> web03.nthost.ru /icreator.ru/programming index2.html
107.10.25 15:05 B D:\A\!Eds\INTERNET\ICREATOR\programming\morfolog.htm --> web03.nthost.ru /icreator.ru/programming morfolog.htm
107.10.25 15:05 B D:\A\!Eds\INTERNET\ICREATOR\programming\morfolog_o.htm --> web03.nthost.ru /icreator.ru/programming morfolog_o.htm
107.10.25 15:05 B D:\A\!Eds\INTERNET\ICREATOR\programming\rosa.htm --> web03.nthost.ru /icreator.ru/programming rosa.htm
107.10.25 15:05 B D:\A\!Eds\INTERNET\ICREATOR\programming\sort_f.htm --> web03.nthost.ru /icreator.ru/programming sort_f.htm
107.10.25 15:05 B D:\A\!Eds\INTERNET\ICREATOR\programming\unify.htm --> web03.nthost.ru /icreator.ru/programming unify.htm
107.10.25 15:05 B D:\A\!Eds\INTERNET\ICREATOR\programming\ws_ftp.log --> web03.nthost.ru /icreator.ru/programming ws_ftp.log
108.11.05 10:20 B D:\A\!Eds\INTERNET\ICREATOR\programming\chess.htm --> web03.nthost.ru /icreator.ru/programming chess.htm
108.11.05 10:20 B D:\A\!Eds\INTERNET\ICREATOR\programming\cut_back.htm --> web03.nthost.ru /icreator.ru/programming cut_back.htm
108.11.05 10:20 B D:\A\!Eds\INTERNET\ICREATOR\programming\fish.htm --> web03.nthost.ru /icreator.ru/programming fish.htm
108.11.05 10:20 B D:\A\!Eds\INTERNET\ICREATOR\programming\index.htm --> web03.nthost.ru /icreator.ru/programming index.htm
108.11.05 10:20 B D:\A\!Eds\INTERNET\ICREATOR\programming\morfolog.htm --> web03.nthost.ru /icreator.ru/programming morfolog.htm
108.11.05 10:20 B D:\A\!Eds\INTERNET\ICREATOR\programming\morfolog_o.htm --> web03.nthost.ru /icreator.ru/programming morfolog_o.htm
108.11.05 10:20 B D:\A\!Eds\INTERNET\ICREATOR\programming\rosa.htm --> web03.nthost.ru /icreator.ru/programming rosa.htm
108.11.05 10:20 B D:\A\!Eds\INTERNET\ICREATOR\programming\sort_f.htm --> web03.nthost.ru /icreator.ru/programming sort_f.htm
108.11.05 10:20 B D:\A\!Eds\INTERNET\ICREATOR\programming\unify.htm --> web03.nthost.ru /icreator.ru/programming unify.htm
