104.02.09 22:55 B c:\a\!eds\internet\icreator\ed\dog1.doc --> dol.ru /WWW/ed dog1.doc
104.08.02 14:30 B c:\a\!eds\internet\icreator\ed\index.htm --> dol.ru /WWW/ed index.htm
104.08.02 14:30 B c:\a\!eds\internet\icreator\ed\tz-upr.htm --> dol.ru /WWW/ed tz-upr.htm
107.10.25 14:54 B D:\A\!Eds\INTERNET\ICREATOR\ed\ank.doc --> web03.nthost.ru /icreator.ru/ed ank.doc
107.10.25 14:54 B D:\A\!Eds\INTERNET\ICREATOR\ed\coop.htm --> web03.nthost.ru /icreator.ru/ed coop.htm
107.10.25 14:54 B D:\A\!Eds\INTERNET\ICREATOR\ed\dog1.doc --> web03.nthost.ru /icreator.ru/ed dog1.doc
107.10.25 14:54 B D:\A\!Eds\INTERNET\ICREATOR\ed\index.htm --> web03.nthost.ru /icreator.ru/ed index.htm
107.10.25 14:54 B D:\A\!Eds\INTERNET\ICREATOR\ed\m-w.htm --> web03.nthost.ru /icreator.ru/ed m-w.htm
107.10.25 14:54 B D:\A\!Eds\INTERNET\ICREATOR\ed\tz-upr.htm --> web03.nthost.ru /icreator.ru/ed tz-upr.htm
107.10.25 14:54 B D:\A\!Eds\INTERNET\ICREATOR\ed\ws_ftp.log --> web03.nthost.ru /icreator.ru/ed ws_ftp.log
108.09.04 15:00 B D:\A\!Eds\INTERNET\ICREATOR\ed\ed-work.htm --> web03.nthost.ru /icreator.ru/ed ed-work.htm
108.11.05 10:17 B D:\A\!Eds\INTERNET\ICREATOR\ed\ank.doc --> web03.nthost.ru /icreator.ru/ed ank.doc
108.11.05 10:17 B D:\A\!Eds\INTERNET\ICREATOR\ed\coop.htm --> web03.nthost.ru /icreator.ru/ed coop.htm
108.11.05 10:17 B D:\A\!Eds\INTERNET\ICREATOR\ed\dog1.doc --> web03.nthost.ru /icreator.ru/ed dog1.doc
108.11.05 10:17 B D:\A\!Eds\INTERNET\ICREATOR\ed\ed-work.htm --> web03.nthost.ru /icreator.ru/ed ed-work.htm
108.11.05 10:17 B D:\A\!Eds\INTERNET\ICREATOR\ed\index.htm --> web03.nthost.ru /icreator.ru/ed index.htm
108.11.05 10:17 B D:\A\!Eds\INTERNET\ICREATOR\ed\m-w.htm --> web03.nthost.ru /icreator.ru/ed m-w.htm
108.11.05 10:17 B D:\A\!Eds\INTERNET\ICREATOR\ed\tz-upr.htm --> web03.nthost.ru /icreator.ru/ed tz-upr.htm
108.11.05 20:31 B D:\A\!Eds\INTERNET\ICREATOR\ed\ed-work.htm --> web03.nthost.ru /icreator.ru/ed ed-work.htm
108.11.05 20:34 B D:\A\!Eds\INTERNET\ICREATOR\ed\ed-work.htm --> web03.nthost.ru /icreator.ru/ed ed-work.htm
108.11.05 20:34 B D:\A\!Eds\INTERNET\ICREATOR\ed\index.htm --> web03.nthost.ru /icreator.ru/ed index.htm
108.11.29 22:28 B D:\A\!Eds\INTERNET\ICREATOR\ed\ed-work.htm --> web03.nthost.ru /icreator.ru/ed ed-work.htm
108.11.29 22:37 B D:\A\!Eds\INTERNET\ICREATOR\ed\index.htm --> web03.nthost.ru /icreator.ru/ed index.htm
108.12.27 13:27 B D:\A\!Eds\INTERNET\ICREATOR\ed\index.htm --> web03.nthost.ru /icreator.ru/ed index.htm
108.12.27 13:27 B D:\A\!Eds\INTERNET\ICREATOR\ed\teh-g.htm --> web03.nthost.ru /icreator.ru/ed teh-g.htm
108.12.27 13:33 B D:\A\!Eds\INTERNET\ICREATOR\ed\ed-work.htm --> web03.nthost.ru /icreator.ru/ed ed-work.htm
108.12.27 13:34 B D:\A\!Eds\INTERNET\ICREATOR\ed\ed-work.htm --> web03.nthost.ru /icreator.ru/ed ed-work.htm
