101.11.28 09:14 B c:\a\!eds\internet\icreator\isearch\eng\isearch.htm --> dol.ru /WWW/isearch/eng isearch.htm
101.12.23 23:56 B C:\A\!Eds\INTERNET\ICREATOR\isearch\eng\isearch.htm --> dol.ru /WWW/isearch/eng isearch.htm
102.03.14 10:30 B C:\A\!Eds\INTERNET\ICREATOR\isearch\eng\isearch.htm --> dol.ru /WWW/isearch/eng isearch.htm
102.05.05 12:02 B c:\a\!eds\internet\icreator\isearch\eng\isearch.htm --> dol.ru /WWW/isearch isearch.htm
102.05.05 12:02 B c:\a\!eds\internet\icreator\isearch\eng\isearch.htm --> dol.ru /WWW/isearch/eng isearch.htm
102.05.10 11:04 B c:\a\!eds\internet\icreator\isearch\eng\isearch.htm --> dol.ru /WWW/isearch/eng isearch.htm
102.07.08 09:38 B c:\a\!eds\internet\icreator\isearch\eng\index.htm --> dol.ru /WWW/isearch/eng index.htm
102.07.08 09:38 B c:\a\!eds\internet\icreator\isearch\eng\isearch.htm --> dol.ru /WWW/isearch/eng isearch.htm
103.05.20 19:27 B c:\a\!eds\internet\icreator\isearch\eng\index.htm --> dol.ru /WWW/isearch/eng index.htm
103.05.20 19:27 B c:\a\!eds\internet\icreator\isearch\eng\isearch.htm --> dol.ru /WWW/isearch/eng isearch.htm
103.06.24 15:05 B c:\a\!eds\internet\icreator\isearch\eng\isearch.htm --> dol.ru /WWW/isearch isearch.htm
103.06.24 15:06 B c:\a\!eds\internet\icreator\isearch\eng\isearch.htm --> dol.ru /WWW/isearch/eng isearch.htm
103.12.28 14:07 B c:\a\!eds\internet\icreator\isearch\eng\index.htm --> dol.ru /WWW/isearch/eng index.htm
103.12.28 14:07 B c:\a\!eds\internet\icreator\isearch\eng\isearch.htm --> dol.ru /WWW/isearch/eng isearch.htm
103.12.28 14:12 B c:\a\!eds\internet\icreator\isearch\eng\index.htm --> dol.ru /WWW/isearch/eng index.htm
103.12.28 14:12 B c:\a\!eds\internet\icreator\isearch\eng\isearch.htm --> dol.ru /WWW/isearch/eng isearch.htm
103.12.28 14:17 B c:\a\!eds\internet\icreator\isearch\eng\index.htm --> dol.ru /WWW/isearch/eng index.htm
103.12.28 14:18 B c:\a\!eds\internet\icreator\isearch\eng\isearch.htm --> dol.ru /WWW/isearch/eng isearch.htm
103.12.28 14:24 B c:\a\!eds\internet\icreator\isearch\eng\index.htm --> dol.ru /WWW/isearch/eng index.htm
103.12.28 14:24 B c:\a\!eds\internet\icreator\isearch\eng\isearch.htm --> dol.ru /WWW/isearch/eng isearch.htm
104.04.12 21:26 B c:\a\!eds\internet\icreator\isearch\eng\index.htm --> dol.ru /WWW/isearch/eng index.htm
104.04.12 21:26 B c:\a\!eds\internet\icreator\isearch\eng\isearch.htm --> dol.ru /WWW/isearch/eng isearch.htm
104.04.12 21:28 B c:\a\!eds\internet\icreator\isearch\eng\isearch.htm --> dol.ru /WWW/isearch/eng isearch.htm
107.10.25 15:05 B D:\A\!Eds\INTERNET\ICREATOR\isearch\eng\index.htm --> web03.nthost.ru /icreator.ru/isearch/eng index.htm
107.10.25 15:05 B D:\A\!Eds\INTERNET\ICREATOR\isearch\eng\isearch.htm --> web03.nthost.ru /icreator.ru/isearch/eng isearch.htm
107.10.25 15:05 B D:\A\!Eds\INTERNET\ICREATOR\isearch\eng\ws_ftp.log --> web03.nthost.ru /icreator.ru/isearch/eng ws_ftp.log
