101.10.28 15:02 B C:\A\!Eds\INTERNET\ICREATOR\amplif\1full_оос_Ж.pdf --> dol.ru /WWW/amplif 1full_оос_Ж.pdf
101.10.28 15:02 B C:\A\!Eds\INTERNET\ICREATOR\amplif\ampl1.htm --> dol.ru /WWW/amplif ampl1.htm
101.10.28 15:02 B C:\A\!Eds\INTERNET\ICREATOR\amplif\ampl2.htm --> dol.ru /WWW/amplif ampl2.htm
101.10.28 15:02 B C:\A\!Eds\INTERNET\ICREATOR\amplif\index.htm --> dol.ru /WWW/amplif index.htm
101.10.28 15:03 B C:\A\!Eds\INTERNET\ICREATOR\amplif\patent1.pdf --> dol.ru /WWW/amplif patent1.pdf
101.10.28 15:03 B C:\A\!Eds\INTERNET\ICREATOR\amplif\Patent1a.pdf --> dol.ru /WWW/amplif Patent1a.pdf
101.10.28 15:03 B C:\A\!Eds\INTERNET\ICREATOR\amplif\Patent1b.pdf --> dol.ru /WWW/amplif Patent1b.pdf
101.10.28 15:03 B C:\A\!Eds\INTERNET\ICREATOR\amplif\Real.pdf --> dol.ru /WWW/amplif Real.pdf
101.10.28 15:03 B C:\A\!Eds\INTERNET\ICREATOR\amplif\tok3!real1.pdf --> dol.ru /WWW/amplif tok3!real1.pdf
101.10.28 15:22 B C:\A\!Eds\INTERNET\ICREATOR\amplif\ampl1.htm --> dol.ru /WWW ampl1.htm
101.10.28 15:22 B C:\A\!Eds\INTERNET\ICREATOR\amplif\ampl2.htm --> dol.ru /WWW ampl2.htm
101.10.28 15:22 B C:\A\!Eds\INTERNET\ICREATOR\amplif\index.htm --> dol.ru /WWW index.htm
101.10.28 15:23 B C:\A\!Eds\INTERNET\ICREATOR\amplif\ampl1.htm --> dol.ru /WWW/amplif ampl1.htm
101.10.28 15:23 B C:\A\!Eds\INTERNET\ICREATOR\amplif\ampl2.htm --> dol.ru /WWW/amplif ampl2.htm
101.10.28 15:23 B C:\A\!Eds\INTERNET\ICREATOR\amplif\index.htm --> dol.ru /WWW/amplif index.htm
101.10.28 15:25 B C:\A\!Eds\INTERNET\ICREATOR\amplif\index.htm --> dol.ru /WWW/amplif index.htm
101.10.28 15:33 B C:\A\!Eds\INTERNET\ICREATOR\amplif\ampl2.htm --> dol.ru /WWW/amplif ampl2.htm
101.10.28 16:22 B C:\A\!Eds\INTERNET\ICREATOR\amplif\index.htm --> dol.ru /WWW/amplif index.htm
101.10.28 16:23 B C:\A\!Eds\INTERNET\ICREATOR\amplif\ampl1.htm --> dol.ru /WWW/amplif ampl1.htm
101.10.28 16:23 B C:\A\!Eds\INTERNET\ICREATOR\amplif\ampl2.htm --> dol.ru /WWW/amplif ampl2.htm
101.10.29 21:03 B C:\A\!Eds\INTERNET\ICREATOR\amplif\1full_ooc.gif --> dol.ru /WWW/amplif 1full_ooc.gif
101.10.29 21:03 B C:\A\!Eds\INTERNET\ICREATOR\amplif\1full_ooc.pdf --> dol.ru /WWW/amplif 1full_ooc.pdf
101.10.29 21:03 B C:\A\!Eds\INTERNET\ICREATOR\amplif\ampl1.htm --> dol.ru /WWW/amplif ampl1.htm
101.10.29 21:03 B C:\A\!Eds\INTERNET\ICREATOR\amplif\ampl2.htm --> dol.ru /WWW/amplif ampl2.htm
101.10.29 21:03 B C:\A\!Eds\INTERNET\ICREATOR\amplif\Image2.gif --> dol.ru /WWW/amplif Image2.gif
101.10.29 21:09 B C:\A\!Eds\INTERNET\ICREATOR\amplif\real.gif --> dol.ru /WWW/amplif real.gif
101.10.29 21:09 B C:\A\!Eds\INTERNET\ICREATOR\amplif\tok3!real1.gif --> dol.ru /WWW/amplif tok3!real1.gif
101.10.29 21:27 B C:\A\!Eds\INTERNET\ICREATOR\amplif\patent1.gif --> dol.ru /WWW patent1.gif
101.10.29 21:27 B C:\A\!Eds\INTERNET\ICREATOR\amplif\patent1.gif --> dol.ru /WWW/amplif patent1.gif
101.10.29 21:28 B C:\A\!Eds\INTERNET\ICREATOR\amplif\patent1a.gif --> dol.ru /WWW/amplif patent1a.gif
101.10.29 21:28 B C:\A\!Eds\INTERNET\ICREATOR\amplif\patent1b.gif --> dol.ru /WWW/amplif patent1b.gif
101.10.29 21:29 B C:\A\!Eds\INTERNET\ICREATOR\amplif\ampl1.htm --> dol.ru /WWW/amplif ampl1.htm
101.10.29 21:31 B C:\A\!Eds\INTERNET\ICREATOR\amplif\ampl1.htm --> dol.ru /WWW/amplif ampl1.htm
101.10.29 21:56 B C:\A\!Eds\INTERNET\ICREATOR\amplif\ampl1.htm --> dol.ru /WWW/amplif ampl1.htm
101.10.29 22:49 B C:\A\!Eds\INTERNET\ICREATOR\amplif\ampl1.htm --> dol.ru /WWW/amplif ampl1.htm
101.10.29 22:49 B C:\A\!Eds\INTERNET\ICREATOR\amplif\ampl2.htm --> dol.ru /WWW/amplif ampl2.htm
101.10.29 22:49 B C:\A\!Eds\INTERNET\ICREATOR\amplif\1SIMPLE.gif --> dol.ru /WWW/amplif 1SIMPLE.gif
101.10.29 23:00 B C:\A\!Eds\INTERNET\ICREATOR\amplif\ampl2.htm --> dol.ru /WWW/amplif ampl2.htm
101.10.29 23:05 B C:\A\!Eds\INTERNET\ICREATOR\amplif\ampl2.htm --> dol.ru /WWW/amplif ampl2.htm
101.10.29 23:10 B C:\A\!Eds\INTERNET\ICREATOR\amplif\ampl2.htm --> dol.ru /WWW/amplif ampl2.htm
101.10.30 11:43 B C:\A\!Eds\INTERNET\ICREATOR\amplif\1SIMPLE.gif --> dol.ru /WWW/amplif 1SIMPLE.gif
101.10.30 11:43 B C:\A\!Eds\INTERNET\ICREATOR\amplif\ampl1.htm --> dol.ru /WWW/amplif ampl1.htm
101.10.30 11:43 B C:\A\!Eds\INTERNET\ICREATOR\amplif\REAL!.gif --> dol.ru /WWW/amplif REAL!.gif
101.10.30 11:43 B C:\A\!Eds\INTERNET\ICREATOR\amplif\real.htm --> dol.ru /WWW/amplif real.htm
101.11.01 03:01 B C:\A\!Eds\INTERNET\ICREATOR\amplif\1full_ooc.gif --> dol.ru /WWW/amplif 1full_ooc.gif
101.11.01 03:02 B C:\A\!Eds\INTERNET\ICREATOR\amplif\1full_ooc.pdf --> dol.ru /WWW/amplif 1full_ooc.pdf
101.11.01 03:02 B C:\A\!Eds\INTERNET\ICREATOR\amplif\1SIMPLE.gif --> dol.ru /WWW/amplif 1SIMPLE.gif
101.11.01 03:02 B C:\A\!Eds\INTERNET\ICREATOR\amplif\ampl1.htm --> dol.ru /WWW/amplif ampl1.htm
101.11.01 03:02 B C:\A\!Eds\INTERNET\ICREATOR\amplif\ampl2.htm --> dol.ru /WWW/amplif ampl2.htm
101.11.01 03:02 B C:\A\!Eds\INTERNET\ICREATOR\amplif\index.htm --> dol.ru /WWW/amplif index.htm
101.11.01 03:02 B C:\A\!Eds\INTERNET\ICREATOR\amplif\patent1.gif --> dol.ru /WWW/amplif patent1.gif
101.11.01 03:02 B C:\A\!Eds\INTERNET\ICREATOR\amplif\patent1.pdf --> dol.ru /WWW/amplif patent1.pdf
101.11.01 03:02 B C:\A\!Eds\INTERNET\ICREATOR\amplif\patent1a.gif --> dol.ru /WWW/amplif patent1a.gif
101.11.01 03:02 B C:\A\!Eds\INTERNET\ICREATOR\amplif\patent1a.pdf --> dol.ru /WWW/amplif patent1a.pdf
101.11.01 03:03 B C:\A\!Eds\INTERNET\ICREATOR\amplif\patent1b.gif --> dol.ru /WWW/amplif patent1b.gif
101.11.01 03:03 B C:\A\!Eds\INTERNET\ICREATOR\amplif\patent1b.pdf --> dol.ru /WWW/amplif patent1b.pdf
101.11.01 03:03 B C:\A\!Eds\INTERNET\ICREATOR\amplif\REAL!.gif --> dol.ru /WWW/amplif REAL!.gif
101.11.01 03:03 B C:\A\!Eds\INTERNET\ICREATOR\amplif\real.gif --> dol.ru /WWW/amplif real.gif
101.11.01 03:03 B C:\A\!Eds\INTERNET\ICREATOR\amplif\real.htm --> dol.ru /WWW/amplif real.htm
101.11.01 03:03 B C:\A\!Eds\INTERNET\ICREATOR\amplif\real.pdf --> dol.ru /WWW/amplif real.pdf
101.11.01 03:03 B C:\A\!Eds\INTERNET\ICREATOR\amplif\tok3!real1.gif --> dol.ru /WWW/amplif tok3!real1.gif
101.11.01 03:04 B C:\A\!Eds\INTERNET\ICREATOR\amplif\tok3!real1.pdf --> dol.ru /WWW/amplif tok3!real1.pdf
101.11.01 03:04 B C:\A\!Eds\INTERNET\ICREATOR\amplif\ws_ftp.log --> dol.ru /WWW/amplif ws_ftp.log
101.11.01 03:11 B C:\A\!Eds\INTERNET\ICREATOR\amplif\tok3!real1.gif --> dol.ru /WWW/amplif tok3!real1.gif
101.11.01 03:12 B C:\A\!Eds\INTERNET\ICREATOR\amplif\tok3!real1.pdf --> dol.ru /WWW/amplif tok3!real1.pdf
101.11.01 03:12 B C:\A\!Eds\INTERNET\ICREATOR\amplif\ampl2.htm --> dol.ru /WWW/amplif ampl2.htm
101.11.08 13:46 B C:\A\!Eds\INTERNET\ICREATOR\amplif\1full_ooc.gif --> dol.ru /WWW/amplif 1full_ooc.gif
101.11.08 13:46 B C:\A\!Eds\INTERNET\ICREATOR\amplif\1full_ooc.pdf --> dol.ru /WWW/amplif 1full_ooc.pdf
101.11.08 13:46 B C:\A\!Eds\INTERNET\ICREATOR\amplif\1SIMPLE.gif --> dol.ru /WWW/amplif 1SIMPLE.gif
101.11.08 13:46 B C:\A\!Eds\INTERNET\ICREATOR\amplif\ampl1.htm --> dol.ru /WWW/amplif ampl1.htm
101.11.08 13:46 B C:\A\!Eds\INTERNET\ICREATOR\amplif\ampl2.htm --> dol.ru /WWW/amplif ampl2.htm
101.11.08 13:46 B C:\A\!Eds\INTERNET\ICREATOR\amplif\ideas.htm --> dol.ru /WWW/amplif ideas.htm
101.11.08 13:46 B C:\A\!Eds\INTERNET\ICREATOR\amplif\index.htm --> dol.ru /WWW/amplif index.htm
101.11.08 13:46 B C:\A\!Eds\INTERNET\ICREATOR\amplif\Out.gif --> dol.ru /WWW/amplif Out.gif
101.11.08 13:46 B C:\A\!Eds\INTERNET\ICREATOR\amplif\out.htm --> dol.ru /WWW/amplif out.htm
101.11.08 13:46 B C:\A\!Eds\INTERNET\ICREATOR\amplif\OutSimm.gif --> dol.ru /WWW/amplif OutSimm.gif
101.11.08 13:47 B C:\A\!Eds\INTERNET\ICREATOR\amplif\OutSimm028x.gif --> dol.ru /WWW/amplif OutSimm028x.gif
101.11.08 13:47 B C:\A\!Eds\INTERNET\ICREATOR\amplif\OutSimm028xT.gif --> dol.ru /WWW/amplif OutSimm028xT.gif
101.11.08 13:47 B C:\A\!Eds\INTERNET\ICREATOR\amplif\OutSimm08.gif --> dol.ru /WWW/amplif OutSimm08.gif
101.11.08 13:47 B C:\A\!Eds\INTERNET\ICREATOR\amplif\patent1.gif --> dol.ru /WWW/amplif patent1.gif
101.11.08 13:47 B C:\A\!Eds\INTERNET\ICREATOR\amplif\patent1.pdf --> dol.ru /WWW/amplif patent1.pdf
101.11.08 13:47 B C:\A\!Eds\INTERNET\ICREATOR\amplif\patent1a.gif --> dol.ru /WWW/amplif patent1a.gif
101.11.08 13:47 B C:\A\!Eds\INTERNET\ICREATOR\amplif\patent1a.pdf --> dol.ru /WWW/amplif patent1a.pdf
101.11.08 13:47 B C:\A\!Eds\INTERNET\ICREATOR\amplif\patent1b.gif --> dol.ru /WWW/amplif patent1b.gif
101.11.08 13:47 B C:\A\!Eds\INTERNET\ICREATOR\amplif\patent1b.pdf --> dol.ru /WWW/amplif patent1b.pdf
101.11.08 13:47 B C:\A\!Eds\INTERNET\ICREATOR\amplif\REAL!.gif --> dol.ru /WWW/amplif REAL!.gif
101.11.08 13:47 B C:\A\!Eds\INTERNET\ICREATOR\amplif\real.gif --> dol.ru /WWW/amplif real.gif
101.11.08 13:47 B C:\A\!Eds\INTERNET\ICREATOR\amplif\real.htm --> dol.ru /WWW/amplif real.htm
101.11.08 13:48 B C:\A\!Eds\INTERNET\ICREATOR\amplif\real.pdf --> dol.ru /WWW/amplif real.pdf
101.11.08 13:48 B C:\A\!Eds\INTERNET\ICREATOR\amplif\tok3!real1.gif --> dol.ru /WWW/amplif tok3!real1.gif
101.11.08 13:48 B C:\A\!Eds\INTERNET\ICREATOR\amplif\tok3!real1.pdf --> dol.ru /WWW/amplif tok3!real1.pdf
101.11.08 13:48 B C:\A\!Eds\INTERNET\ICREATOR\amplif\ws_ftp.log --> dol.ru /WWW/amplif ws_ftp.log
101.11.08 13:53 B C:\A\!Eds\INTERNET\ICREATOR\amplif\index.htm --> dol.ru /WWW/amplif index.htm
101.11.08 13:55 B C:\A\!Eds\INTERNET\ICREATOR\amplif\index.htm --> dol.ru /WWW/amplif index.htm
101.11.08 13:58 B C:\A\!Eds\INTERNET\ICREATOR\amplif\index.htm --> dol.ru / index.htm
101.11.08 13:58 B C:\A\!Eds\INTERNET\ICREATOR\amplif\index.htm --> dol.ru /WWW/amplif index.htm
101.11.08 14:06 B C:\A\!Eds\INTERNET\ICREATOR\amplif\index.htm --> dol.ru /WWW/amplif index.htm
101.11.12 11:20 B C:\A\!Eds\INTERNET\ICREATOR\amplif\ampl1.htm --> dol.ru /WWW/amplif ampl1.htm
101.11.12 11:20 B C:\A\!Eds\INTERNET\ICREATOR\amplif\ampl2.htm --> dol.ru /WWW/amplif ampl2.htm
101.11.12 11:20 B C:\A\!Eds\INTERNET\ICREATOR\amplif\as.htm --> dol.ru /WWW/amplif as.htm
101.11.12 11:20 B C:\A\!Eds\INTERNET\ICREATOR\amplif\ideas.htm --> dol.ru /WWW/amplif ideas.htm
101.11.12 11:20 B C:\A\!Eds\INTERNET\ICREATOR\amplif\index.htm --> dol.ru /WWW/amplif index.htm
101.11.12 11:20 B C:\A\!Eds\INTERNET\ICREATOR\amplif\out.htm --> dol.ru /WWW/amplif out.htm
101.11.12 11:20 B C:\A\!Eds\INTERNET\ICREATOR\amplif\real.htm --> dol.ru /WWW/amplif real.htm
101.11.12 11:26 B C:\A\!Eds\INTERNET\ICREATOR\amplif\as.htm --> dol.ru /WWW/amplif as.htm
101.11.12 13:31 B C:\A\!Eds\INTERNET\ICREATOR\amplif\DAC.htm --> dol.ru /WWW/amplif DAC.htm
101.11.12 13:31 B C:\A\!Eds\INTERNET\ICREATOR\amplif\digital1.gif --> dol.ru /WWW/amplif digital1.gif
101.11.12 13:32 B C:\A\!Eds\INTERNET\ICREATOR\amplif\digital1a.gif --> dol.ru /WWW/amplif digital1a.gif
101.11.12 13:32 B C:\A\!Eds\INTERNET\ICREATOR\amplif\digital1p.gif --> dol.ru /WWW/amplif digital1p.gif
101.11.12 13:32 B C:\A\!Eds\INTERNET\ICREATOR\amplif\index.htm --> dol.ru /WWW/amplif index.htm
101.11.12 13:37 B C:\A\!Eds\INTERNET\ICREATOR\amplif\index.htm --> dol.ru /WWW/amplif index.htm
101.11.12 13:37 B C:\A\!Eds\INTERNET\ICREATOR\amplif\dac.htm --> dol.ru /WWW/amplif dac.htm
101.11.12 18:09 B C:\A\!Eds\INTERNET\ICREATOR\amplif\dac.htm --> dol.ru /WWW/amplif dac.htm
101.11.12 18:09 B C:\A\!Eds\INTERNET\ICREATOR\amplif\digital1p.gif --> dol.ru /WWW/amplif digital1p.gif
101.11.12 22:07 B C:\A\!Eds\INTERNET\ICREATOR\amplif\1full_ooc.gif --> dol.ru /WWW/amplif 1full_ooc.gif
101.11.12 22:07 B C:\A\!Eds\INTERNET\ICREATOR\amplif\1full_ooc.pdf --> dol.ru /WWW/amplif 1full_ooc.pdf
101.11.12 22:07 B C:\A\!Eds\INTERNET\ICREATOR\amplif\1SIMPLE.gif --> dol.ru /WWW/amplif 1SIMPLE.gif
101.11.12 22:07 B C:\A\!Eds\INTERNET\ICREATOR\amplif\ampl1.htm --> dol.ru /WWW/amplif ampl1.htm
101.11.12 22:07 B C:\A\!Eds\INTERNET\ICREATOR\amplif\ampl2.htm --> dol.ru /WWW/amplif ampl2.htm
101.11.12 22:07 B C:\A\!Eds\INTERNET\ICREATOR\amplif\as.htm --> dol.ru /WWW/amplif as.htm
101.11.12 22:07 B C:\A\!Eds\INTERNET\ICREATOR\amplif\dac.htm --> dol.ru /WWW/amplif dac.htm
101.11.12 22:07 B C:\A\!Eds\INTERNET\ICREATOR\amplif\digital1.gif --> dol.ru /WWW/amplif digital1.gif
101.11.12 22:07 B C:\A\!Eds\INTERNET\ICREATOR\amplif\digital1a.gif --> dol.ru /WWW/amplif digital1a.gif
101.11.12 22:08 B C:\A\!Eds\INTERNET\ICREATOR\amplif\digital1p.gif --> dol.ru /WWW/amplif digital1p.gif
101.11.12 22:08 B C:\A\!Eds\INTERNET\ICREATOR\amplif\ideas.htm --> dol.ru /WWW/amplif ideas.htm
101.11.12 22:08 B C:\A\!Eds\INTERNET\ICREATOR\amplif\index.htm --> dol.ru /WWW/amplif index.htm
101.11.12 22:08 B C:\A\!Eds\INTERNET\ICREATOR\amplif\Out.gif --> dol.ru /WWW/amplif Out.gif
101.11.12 22:08 B C:\A\!Eds\INTERNET\ICREATOR\amplif\out.htm --> dol.ru /WWW/amplif out.htm
101.11.12 22:08 B C:\A\!Eds\INTERNET\ICREATOR\amplif\OutSimm.gif --> dol.ru /WWW/amplif OutSimm.gif
101.11.12 22:08 B C:\A\!Eds\INTERNET\ICREATOR\amplif\OutSimm028x.gif --> dol.ru /WWW/amplif OutSimm028x.gif
101.11.12 22:08 B C:\A\!Eds\INTERNET\ICREATOR\amplif\OutSimm028xT.gif --> dol.ru /WWW/amplif OutSimm028xT.gif
101.11.12 22:08 B C:\A\!Eds\INTERNET\ICREATOR\amplif\OutSimm08.gif --> dol.ru /WWW/amplif OutSimm08.gif
101.11.12 22:08 B C:\A\!Eds\INTERNET\ICREATOR\amplif\patent1.gif --> dol.ru /WWW/amplif patent1.gif
101.11.12 22:08 B C:\A\!Eds\INTERNET\ICREATOR\amplif\patent1.pdf --> dol.ru /WWW/amplif patent1.pdf
101.11.12 22:08 B C:\A\!Eds\INTERNET\ICREATOR\amplif\patent1a.gif --> dol.ru /WWW/amplif patent1a.gif
101.11.12 22:08 B C:\A\!Eds\INTERNET\ICREATOR\amplif\patent1a.pdf --> dol.ru /WWW/amplif patent1a.pdf
101.11.12 22:09 B C:\A\!Eds\INTERNET\ICREATOR\amplif\patent1b.gif --> dol.ru /WWW/amplif patent1b.gif
101.11.12 22:09 B C:\A\!Eds\INTERNET\ICREATOR\amplif\patent1b.pdf --> dol.ru /WWW/amplif patent1b.pdf
101.11.12 22:09 B C:\A\!Eds\INTERNET\ICREATOR\amplif\REAL!.gif --> dol.ru /WWW/amplif REAL!.gif
101.11.12 22:09 B C:\A\!Eds\INTERNET\ICREATOR\amplif\real.gif --> dol.ru /WWW/amplif real.gif
101.11.12 22:09 B C:\A\!Eds\INTERNET\ICREATOR\amplif\real.htm --> dol.ru /WWW/amplif real.htm
101.11.12 22:09 B C:\A\!Eds\INTERNET\ICREATOR\amplif\real.pdf --> dol.ru /WWW/amplif real.pdf
101.11.12 22:09 B C:\A\!Eds\INTERNET\ICREATOR\amplif\tok3!real1.gif --> dol.ru /WWW/amplif tok3!real1.gif
101.11.12 22:10 B C:\A\!Eds\INTERNET\ICREATOR\amplif\tok3!real1.pdf --> dol.ru /WWW/amplif tok3!real1.pdf
101.11.13 23:26 B C:\A\!Eds\INTERNET\ICREATOR\amplif\as.htm --> dol.ru /WWW/amplif as.htm
101.11.13 23:26 B C:\A\!Eds\INTERNET\ICREATOR\amplif\as1.gif --> dol.ru /WWW/amplif as1.gif
101.11.13 23:26 B C:\A\!Eds\INTERNET\ICREATOR\amplif\as2.gif --> dol.ru /WWW/amplif as2.gif
101.11.13 23:28 B C:\A\!Eds\INTERNET\ICREATOR\amplif\as.htm --> dol.ru /WWW/amplif as.htm
101.11.15 19:17 B C:\A\!Eds\INTERNET\ICREATOR\amplif\1full_ooc.gif --> dol.ru /WWW/amplif 1full_ooc.gif
101.11.15 19:17 B C:\A\!Eds\INTERNET\ICREATOR\amplif\1full_ooc.pdf --> dol.ru /WWW/amplif 1full_ooc.pdf
101.11.15 19:18 B C:\A\!Eds\INTERNET\ICREATOR\amplif\1SIMPLE.gif --> dol.ru /WWW/amplif 1SIMPLE.gif
101.11.15 19:18 B C:\A\!Eds\INTERNET\ICREATOR\amplif\ampl1.htm --> dol.ru /WWW/amplif ampl1.htm
101.11.15 19:18 B C:\A\!Eds\INTERNET\ICREATOR\amplif\ampl2.htm --> dol.ru /WWW/amplif ampl2.htm
101.11.15 19:18 B C:\A\!Eds\INTERNET\ICREATOR\amplif\as.htm --> dol.ru /WWW/amplif as.htm
101.11.15 19:18 B C:\A\!Eds\INTERNET\ICREATOR\amplif\as1.gif --> dol.ru /WWW/amplif as1.gif
101.11.15 19:18 B C:\A\!Eds\INTERNET\ICREATOR\amplif\as2.gif --> dol.ru /WWW/amplif as2.gif
101.11.15 19:18 B C:\A\!Eds\INTERNET\ICREATOR\amplif\dac.htm --> dol.ru /WWW/amplif dac.htm
101.11.15 19:18 B C:\A\!Eds\INTERNET\ICREATOR\amplif\dac_o1.htm --> dol.ru /WWW/amplif dac_o1.htm
101.11.15 19:18 B C:\A\!Eds\INTERNET\ICREATOR\amplif\digital1.gif --> dol.ru /WWW/amplif digital1.gif
101.11.15 19:18 B C:\A\!Eds\INTERNET\ICREATOR\amplif\digital1a.gif --> dol.ru /WWW/amplif digital1a.gif
101.11.15 19:18 B C:\A\!Eds\INTERNET\ICREATOR\amplif\digital1p.gif --> dol.ru /WWW/amplif digital1p.gif
101.11.15 19:18 B C:\A\!Eds\INTERNET\ICREATOR\amplif\ideas.htm --> dol.ru /WWW/amplif ideas.htm
101.11.15 19:18 B C:\A\!Eds\INTERNET\ICREATOR\amplif\index.htm --> dol.ru /WWW/amplif index.htm
101.11.15 19:18 B C:\A\!Eds\INTERNET\ICREATOR\amplif\Out.gif --> dol.ru /WWW/amplif Out.gif
101.11.15 19:18 B C:\A\!Eds\INTERNET\ICREATOR\amplif\out.htm --> dol.ru /WWW/amplif out.htm
101.11.15 19:18 B C:\A\!Eds\INTERNET\ICREATOR\amplif\OutSimm.gif --> dol.ru /WWW/amplif OutSimm.gif
101.11.15 19:19 B C:\A\!Eds\INTERNET\ICREATOR\amplif\OutSimm028x.gif --> dol.ru /WWW/amplif OutSimm028x.gif
101.11.15 19:19 B C:\A\!Eds\INTERNET\ICREATOR\amplif\OutSimm028xT.gif --> dol.ru /WWW/amplif OutSimm028xT.gif
101.11.15 19:19 B C:\A\!Eds\INTERNET\ICREATOR\amplif\OutSimm08.gif --> dol.ru /WWW/amplif OutSimm08.gif
101.11.15 19:19 B C:\A\!Eds\INTERNET\ICREATOR\amplif\patent1.gif --> dol.ru /WWW/amplif patent1.gif
101.11.15 19:19 B C:\A\!Eds\INTERNET\ICREATOR\amplif\patent1.pdf --> dol.ru /WWW/amplif patent1.pdf
101.11.15 19:19 B C:\A\!Eds\INTERNET\ICREATOR\amplif\patent1a.gif --> dol.ru /WWW/amplif patent1a.gif
101.11.15 19:19 B C:\A\!Eds\INTERNET\ICREATOR\amplif\patent1a.pdf --> dol.ru /WWW/amplif patent1a.pdf
101.11.15 19:19 B C:\A\!Eds\INTERNET\ICREATOR\amplif\patent1b.gif --> dol.ru /WWW/amplif patent1b.gif
101.11.15 19:19 B C:\A\!Eds\INTERNET\ICREATOR\amplif\patent1b.pdf --> dol.ru /WWW/amplif patent1b.pdf
101.11.15 19:19 B C:\A\!Eds\INTERNET\ICREATOR\amplif\pwm_eko.htm --> dol.ru /WWW/amplif pwm_eko.htm
101.11.15 19:19 B C:\A\!Eds\INTERNET\ICREATOR\amplif\pwm_out.gif --> dol.ru /WWW/amplif pwm_out.gif
101.11.15 19:19 B C:\A\!Eds\INTERNET\ICREATOR\amplif\REAL!.gif --> dol.ru /WWW/amplif REAL!.gif
101.11.15 19:19 B C:\A\!Eds\INTERNET\ICREATOR\amplif\real.gif --> dol.ru /WWW/amplif real.gif
101.11.15 19:20 B C:\A\!Eds\INTERNET\ICREATOR\amplif\real.htm --> dol.ru /WWW/amplif real.htm
101.11.15 19:20 B C:\A\!Eds\INTERNET\ICREATOR\amplif\real.pdf --> dol.ru /WWW/amplif real.pdf
101.11.15 19:20 B C:\A\!Eds\INTERNET\ICREATOR\amplif\shim.htm --> dol.ru /WWW/amplif shim.htm
101.11.15 19:20 B C:\A\!Eds\INTERNET\ICREATOR\amplif\shim_r1.gif --> dol.ru /WWW/amplif shim_r1.gif
101.11.15 19:20 B C:\A\!Eds\INTERNET\ICREATOR\amplif\shim0.gif --> dol.ru /WWW/amplif shim0.gif
101.11.15 19:20 B C:\A\!Eds\INTERNET\ICREATOR\amplif\shim1.gif --> dol.ru /WWW/amplif shim1.gif
101.11.15 19:20 B C:\A\!Eds\INTERNET\ICREATOR\amplif\tok3!real1.gif --> dol.ru /WWW/amplif tok3!real1.gif
101.11.15 19:21 B C:\A\!Eds\INTERNET\ICREATOR\amplif\tok3!real1.pdf --> dol.ru /WWW/amplif tok3!real1.pdf
101.11.15 19:21 B C:\A\!Eds\INTERNET\ICREATOR\amplif\ws_ftp.log --> dol.ru /WWW/amplif ws_ftp.log
101.11.15 19:23 B C:\A\!Eds\INTERNET\ICREATOR\amplif\shim.htm --> dol.ru /WWW/amplif shim.htm
101.11.15 19:38 B C:\A\!Eds\INTERNET\ICREATOR\amplif\shim.htm --> dol.ru /WWW/amplif shim.htm
101.11.16 11:39 B C:\A\!Eds\INTERNET\ICREATOR\amplif\d_pwm.gif --> dol.ru /WWW/amplif d_pwm.gif
101.11.16 11:39 B C:\A\!Eds\INTERNET\ICREATOR\amplif\shim.htm --> dol.ru /WWW/amplif shim.htm
101.11.16 11:42 B C:\A\!Eds\INTERNET\ICREATOR\amplif\shim.htm --> dol.ru /WWW/amplif shim.htm
101.11.16 12:30 B C:\A\!Eds\INTERNET\ICREATOR\amplif\ampl1.htm --> dol.ru /WWW/amplif ampl1.htm
101.11.16 12:30 B C:\A\!Eds\INTERNET\ICREATOR\amplif\ampl2.htm --> dol.ru /WWW/amplif ampl2.htm
101.11.16 12:30 B C:\A\!Eds\INTERNET\ICREATOR\amplif\korvet-200-088o.gif --> dol.ru /WWW/amplif korvet-200-088o.gif
101.11.16 12:31 B C:\A\!Eds\INTERNET\ICREATOR\amplif\shim.htm --> dol.ru /WWW/amplif shim.htm
101.11.16 12:35 B C:\A\!Eds\INTERNET\ICREATOR\amplif\real.htm --> dol.ru /WWW/amplif real.htm
101.11.17 21:56 B C:\A\!Eds\INTERNET\ICREATOR\amplif\pwm_eko.htm --> dol.ru /WWW/amplif pwm_eko.htm
101.11.17 21:57 B C:\A\!Eds\INTERNET\ICREATOR\amplif\pwm_out.gif --> dol.ru /WWW/amplif pwm_out.gif
101.11.17 21:57 B C:\A\!Eds\INTERNET\ICREATOR\amplif\pwm_еко1.gif --> dol.ru /WWW/amplif pwm_еко1.gif
101.11.17 21:57 B C:\A\!Eds\INTERNET\ICREATOR\amplif\pwm_еко11.gif --> dol.ru /WWW/amplif pwm_еко11.gif
101.11.17 21:57 B C:\A\!Eds\INTERNET\ICREATOR\amplif\pwm_еко12.gif --> dol.ru /WWW/amplif pwm_еко12.gif
101.11.17 21:57 B C:\A\!Eds\INTERNET\ICREATOR\amplif\pwm_еко2.gif --> dol.ru /WWW/amplif pwm_еко2.gif
101.11.17 22:09 B C:\A\!Eds\INTERNET\ICREATOR\amplif\index.htm --> dol.ru /WWW/amplif index.htm
101.11.17 22:09 B C:\A\!Eds\INTERNET\ICREATOR\amplif\pwm_eko.htm --> dol.ru /WWW/amplif pwm_eko.htm
101.11.17 22:09 B C:\A\!Eds\INTERNET\ICREATOR\amplif\pwm_eko1.gif --> dol.ru /WWW/amplif pwm_eko1.gif
101.11.17 22:09 B C:\A\!Eds\INTERNET\ICREATOR\amplif\pwm_eko11.gif --> dol.ru /WWW/amplif pwm_eko11.gif
101.11.17 22:09 B C:\A\!Eds\INTERNET\ICREATOR\amplif\pwm_eko12.gif --> dol.ru /WWW/amplif pwm_eko12.gif
101.11.17 22:09 B C:\A\!Eds\INTERNET\ICREATOR\amplif\pwm_eko2.gif --> dol.ru /WWW/amplif pwm_eko2.gif
101.11.17 22:09 B C:\A\!Eds\INTERNET\ICREATOR\amplif\pwm_out.gif --> dol.ru /WWW/amplif pwm_out.gif
101.11.19 09:53 B C:\A\!Eds\INTERNET\ICREATOR\amplif\power_dac.htm --> dol.ru /WWW/amplif power_dac.htm
101.11.19 09:53 B C:\A\!Eds\INTERNET\ICREATOR\amplif\index.htm --> dol.ru /WWW/amplif index.htm
101.11.19 09:53 B C:\A\!Eds\INTERNET\ICREATOR\amplif\cell.gif --> dol.ru /WWW/amplif cell.gif
101.11.19 09:53 B C:\A\!Eds\INTERNET\ICREATOR\amplif\dac0.gif --> dol.ru /WWW/amplif dac0.gif
101.11.19 09:53 B C:\A\!Eds\INTERNET\ICREATOR\amplif\pwm_eko.htm --> dol.ru /WWW/amplif pwm_eko.htm
101.11.19 22:05 B C:\A\!Eds\INTERNET\ICREATOR\amplif\dac0.gif --> dol.ru /WWW/amplif dac0.gif
101.11.19 22:05 B C:\A\!Eds\INTERNET\ICREATOR\amplif\dac1.gif --> dol.ru /WWW/amplif dac1.gif
101.11.19 22:05 B C:\A\!Eds\INTERNET\ICREATOR\amplif\dac1corr.gif --> dol.ru /WWW/amplif dac1corr.gif
101.11.19 22:05 B C:\A\!Eds\INTERNET\ICREATOR\amplif\dac1d.gif --> dol.ru /WWW/amplif dac1d.gif
101.11.19 22:05 B C:\A\!Eds\INTERNET\ICREATOR\amplif\index.htm --> dol.ru /WWW/amplif index.htm
101.11.19 22:05 B C:\A\!Eds\INTERNET\ICREATOR\amplif\pdac1curr.gif --> dol.ru /WWW/amplif pdac1curr.gif
101.11.19 22:06 B C:\A\!Eds\INTERNET\ICREATOR\amplif\pdac1va.gif --> dol.ru /WWW/amplif pdac1va.gif
101.11.19 22:06 B C:\A\!Eds\INTERNET\ICREATOR\amplif\pdacrec1.gif --> dol.ru /WWW/amplif pdacrec1.gif
101.11.19 22:06 B C:\A\!Eds\INTERNET\ICREATOR\amplif\power_dac.htm --> dol.ru /WWW/amplif power_dac.htm
101.11.19 22:06 B C:\A\!Eds\INTERNET\ICREATOR\amplif\psource0.gif --> dol.ru /WWW/amplif psource0.gif
101.11.19 22:06 B C:\A\!Eds\INTERNET\ICREATOR\amplif\psource1out.gif --> dol.ru /WWW/amplif psource1out.gif
101.11.19 22:11 B C:\A\!Eds\INTERNET\ICREATOR\amplif\index.htm --> dol.ru /WWW/amplif index.htm
101.11.20 12:23 B c:\a\!eds\internet\ICREATOR\amplif\shim.htm --> dol.ru /WWW/amplif shim.htm
101.11.21 12:17 B c:\a\!eds\internet\ICREATOR\amplif\index.htm --> dol.ru /WWW/amplif index.htm
101.11.21 12:17 B c:\a\!eds\internet\ICREATOR\amplif\pwm_sh.htm --> dol.ru /WWW/amplif pwm_sh.htm
101.11.21 12:17 B c:\a\!eds\internet\ICREATOR\amplif\pwm_sh1.gif --> dol.ru /WWW/amplif pwm_sh1.gif
101.11.21 12:17 B c:\a\!eds\internet\ICREATOR\amplif\shim.htm --> dol.ru /WWW/amplif shim.htm
101.11.21 12:43 B c:\a\!eds\internet\icreator\amplif\power_dac.htm --> dol.ru /WWW/amplif power_dac.htm
101.11.21 12:44 B c:\a\!eds\internet\icreator\amplif\power_dac.htm --> dol.ru /WWW/amplif power_dac.htm
101.11.22 00:37 B c:\a\!eds\internet\icreator\amplif\index.htm --> dol.ru /WWW/amplif index.htm
101.11.22 09:30 B c:\a\!eds\internet\icreator\amplif\ampl1.htm --> dol.ru /WWW/amplif ampl1.htm
101.11.22 09:30 B c:\a\!eds\internet\icreator\amplif\ampl2.htm --> dol.ru /WWW/amplif ampl2.htm
101.11.22 09:30 B c:\a\!eds\internet\icreator\amplif\as.htm --> dol.ru /WWW/amplif as.htm
101.11.22 09:30 B c:\a\!eds\internet\icreator\amplif\dac.htm --> dol.ru /WWW/amplif dac.htm
101.11.22 09:30 B c:\a\!eds\internet\icreator\amplif\ideas.htm --> dol.ru /WWW/amplif ideas.htm
101.11.22 09:30 B c:\a\!eds\internet\icreator\amplif\index.htm --> dol.ru /WWW/amplif index.htm
101.11.22 09:31 B c:\a\!eds\internet\icreator\amplif\out.htm --> dol.ru /WWW/amplif out.htm
101.11.22 09:31 B c:\a\!eds\internet\icreator\amplif\power_dac.htm --> dol.ru /WWW/amplif power_dac.htm
101.11.22 09:31 B c:\a\!eds\internet\icreator\amplif\pwm_eko.htm --> dol.ru /WWW/amplif pwm_eko.htm
101.11.22 09:31 B c:\a\!eds\internet\icreator\amplif\pwm_sh.htm --> dol.ru /WWW/amplif pwm_sh.htm
101.11.22 09:31 B c:\a\!eds\internet\icreator\amplif\real.htm --> dol.ru /WWW/amplif real.htm
101.11.22 09:31 B c:\a\!eds\internet\icreator\amplif\shim.htm --> dol.ru /WWW/amplif shim.htm
101.11.22 09:33 B c:\a\!eds\internet\icreator\amplif\index.htm --> dol.ru /WWW/amplif index.htm
101.11.22 09:43 B c:\a\!eds\internet\icreator\amplif\index.htm --> dol.ru /WWW/amplif index.htm
101.11.22 09:46 B c:\a\!eds\internet\icreator\amplif\power_dac.htm --> dol.ru /WWW/amplif power_dac.htm
101.11.22 09:47 B c:\a\!eds\internet\icreator\amplif\power_dac.htm --> dol.ru /WWW/amplif power_dac.htm
101.11.24 18:46 B c:\a\!eds\internet\icreator\amplif\ampl1.htm --> dol.ru /WWW/amplif ampl1.htm
101.11.24 18:46 B c:\a\!eds\internet\icreator\amplif\ampl2.htm --> dol.ru /WWW/amplif ampl2.htm
101.11.24 18:46 B c:\a\!eds\internet\icreator\amplif\as.htm --> dol.ru /WWW/amplif as.htm
101.11.24 18:46 B c:\a\!eds\internet\icreator\amplif\dac.htm --> dol.ru /WWW/amplif dac.htm
101.11.24 18:46 B c:\a\!eds\internet\icreator\amplif\ideas.htm --> dol.ru /WWW/amplif ideas.htm
101.11.24 18:46 B c:\a\!eds\internet\icreator\amplif\index.htm --> dol.ru /WWW/amplif index.htm
101.11.24 18:46 B c:\a\!eds\internet\icreator\amplif\out.htm --> dol.ru /WWW/amplif out.htm
101.11.24 18:46 B c:\a\!eds\internet\icreator\amplif\power_dac.htm --> dol.ru /WWW/amplif power_dac.htm
101.11.24 18:46 B c:\a\!eds\internet\icreator\amplif\pwm_eko.htm --> dol.ru /WWW/amplif pwm_eko.htm
101.11.24 18:46 B c:\a\!eds\internet\icreator\amplif\pwm_sh.htm --> dol.ru /WWW/amplif pwm_sh.htm
101.11.24 18:46 B c:\a\!eds\internet\icreator\amplif\real.htm --> dol.ru /WWW/amplif real.htm
101.11.24 18:46 B c:\a\!eds\internet\icreator\amplif\shim.htm --> dol.ru /WWW/amplif shim.htm
101.11.26 11:23 B c:\a\!eds\internet\icreator\amplif\pwm_sh12.gif --> dol.ru /WWW/amplif pwm_sh12.gif
101.11.26 11:23 B c:\a\!eds\internet\icreator\amplif\pwm_sh.htm --> dol.ru /WWW/amplif pwm_sh.htm
101.11.26 11:25 B c:\a\!eds\internet\icreator\amplif\shim.htm --> dol.ru /WWW/amplif shim.htm
102.02.05 21:48 B C:\A\!Eds\INTERNET\ICREATOR\amplif\ampl2.htm --> dol.ru /WWW/amplif ampl2.htm
102.04.06 21:53 B c:\a\!eds\internet\icreator\amplif\shim.htm --> dol.ru /WWW/amplif shim.htm
102.04.06 21:54 B c:\a\!eds\internet\icreator\amplif\TL494.gif --> dol.ru /WWW/amplif TL494.gif
102.04.06 21:54 B c:\a\!eds\internet\icreator\amplif\TL494.htm --> dol.ru /WWW/amplif TL494.htm
102.04.07 11:23 B c:\a\!eds\internet\icreator\amplif\index.htm --> dol.ru /WWW/amplif index.htm
102.05.05 12:00 B c:\a\!eds\internet\icreator\amplif\ampl1.htm --> dol.ru /WWW/amplif ampl1.htm
102.05.05 12:00 B c:\a\!eds\internet\icreator\amplif\ampl2.htm --> dol.ru /WWW/amplif ampl2.htm
102.05.05 12:00 B c:\a\!eds\internet\icreator\amplif\as.htm --> dol.ru /WWW/amplif as.htm
102.05.05 12:00 B c:\a\!eds\internet\icreator\amplif\dac.htm --> dol.ru /WWW/amplif dac.htm
102.05.05 12:00 B c:\a\!eds\internet\icreator\amplif\dac_o1.htm --> dol.ru /WWW/amplif dac_o1.htm
102.05.05 12:00 B c:\a\!eds\internet\icreator\amplif\ideas.htm --> dol.ru /WWW/amplif ideas.htm
102.05.05 12:00 B c:\a\!eds\internet\icreator\amplif\index.htm --> dol.ru /WWW/amplif index.htm
102.05.05 12:00 B c:\a\!eds\internet\icreator\amplif\out.htm --> dol.ru /WWW/amplif out.htm
102.05.05 12:00 B c:\a\!eds\internet\icreator\amplif\power_dac.htm --> dol.ru /WWW/amplif power_dac.htm
102.05.05 12:00 B c:\a\!eds\internet\icreator\amplif\pwm_eko.htm --> dol.ru /WWW/amplif pwm_eko.htm
102.05.05 12:01 B c:\a\!eds\internet\icreator\amplif\pwm_sh.htm --> dol.ru /WWW/amplif pwm_sh.htm
102.05.05 12:01 B c:\a\!eds\internet\icreator\amplif\real.htm --> dol.ru /WWW/amplif real.htm
102.05.05 12:01 B c:\a\!eds\internet\icreator\amplif\shim.htm --> dol.ru /WWW/amplif shim.htm
102.05.05 12:01 B c:\a\!eds\internet\icreator\amplif\TL494.htm --> dol.ru /WWW/amplif TL494.htm
102.05.10 10:02 B c:\a\!eds\internet\icreator\amplif\index.htm --> dol.ru /WWW/amplif index.htm
102.05.10 10:51 B c:\a\!eds\internet\icreator\amplif\ampl1.htm --> dol.ru /WWW/amplif ampl1.htm
102.05.10 10:51 B c:\a\!eds\internet\icreator\amplif\ampl2.htm --> dol.ru /WWW/amplif ampl2.htm
102.05.10 10:51 B c:\a\!eds\internet\icreator\amplif\as.htm --> dol.ru /WWW/amplif as.htm
102.05.10 10:51 B c:\a\!eds\internet\icreator\amplif\dac.htm --> dol.ru /WWW/amplif dac.htm
102.05.10 10:51 B c:\a\!eds\internet\icreator\amplif\dac_o1.htm --> dol.ru /WWW/amplif dac_o1.htm
102.05.10 10:51 B c:\a\!eds\internet\icreator\amplif\ideas.htm --> dol.ru /WWW/amplif ideas.htm
102.05.10 10:51 B c:\a\!eds\internet\icreator\amplif\index.htm --> dol.ru /WWW/amplif index.htm
102.05.10 10:51 B c:\a\!eds\internet\icreator\amplif\out.htm --> dol.ru /WWW/amplif out.htm
102.05.10 10:51 B c:\a\!eds\internet\icreator\amplif\power_dac.htm --> dol.ru /WWW/amplif power_dac.htm
102.05.10 10:52 B c:\a\!eds\internet\icreator\amplif\pwm_eko.htm --> dol.ru /WWW/amplif pwm_eko.htm
102.05.10 10:52 B c:\a\!eds\internet\icreator\amplif\pwm_sh.htm --> dol.ru /WWW/amplif pwm_sh.htm
102.05.10 10:52 B c:\a\!eds\internet\icreator\amplif\real.htm --> dol.ru /WWW/amplif real.htm
102.05.10 10:52 B c:\a\!eds\internet\icreator\amplif\shim.htm --> dol.ru /WWW/amplif shim.htm
102.05.10 10:52 B c:\a\!eds\internet\icreator\amplif\TL494.htm --> dol.ru /WWW/amplif TL494.htm
102.05.10 10:55 B c:\a\!eds\internet\icreator\amplif\dac.htm --> dol.ru /WWW/amplif dac.htm
102.05.13 12:10 B c:\a\!eds\internet\icreator\amplif\index.htm --> dol.ru /WWW/amplif index.htm
102.05.13 12:13 B c:\a\!eds\internet\icreator\amplif\index.htm --> dol.ru /WWW/amplif index.htm
102.05.13 12:18 B c:\a\!eds\internet\icreator\amplif\index.htm --> dol.ru /WWW/amplif index.htm
102.05.16 09:34 B c:\a\!eds\internet\icreator\amplif\shim.htm --> dol.ru /WWW/amplif shim.htm
102.05.16 09:35 B c:\a\!eds\internet\icreator\amplif\pwm_eko.htm --> dol.ru /WWW/amplif pwm_eko.htm
102.05.16 20:09 B c:\a\!eds\internet\icreator\amplif\real.htm --> dol.ru /WWW/amplif real.htm
102.05.16 20:13 B c:\a\!eds\internet\icreator\amplif\index.htm --> dol.ru /WWW/amplif index.htm
102.05.16 20:15 B c:\a\!eds\internet\icreator\amplif\power_dac.htm --> dol.ru /WWW/amplif power_dac.htm
102.05.16 20:18 B c:\a\!eds\internet\icreator\amplif\index.htm --> dol.ru /WWW/amplif index.htm
102.05.16 20:23 B c:\a\!eds\internet\icreator\amplif\index.htm --> dol.ru /WWW/amplif index.htm
102.05.16 20:25 B c:\a\!eds\internet\icreator\amplif\index.htm --> dol.ru /WWW/amplif index.htm
102.05.31 09:17 B c:\a\!eds\internet\icreator\amplif\index.htm --> dol.ru /WWW/amplif index.htm
102.05.31 09:21 B c:\a\!eds\internet\icreator\amplif\index.htm --> dol.ru /WWW/amplif index.htm
102.06.02 00:37 B c:\a\!eds\internet\icreator\amplif\index.htm --> dol.ru /WWW/amplif index.htm
102.06.02 01:25 B c:\a\!eds\internet\icreator\amplif\index.htm --> dol.ru /WWW/amplif index.htm
102.06.20 11:47 B c:\a\!eds\internet\icreator\amplif\index.htm --> dol.ru /WWW/amplif index.htm
102.07.24 23:09 B c:\a\!eds\internet\icreator\amplif\ampl1.htm --> dol.ru /WWW/amplif ampl1.htm
102.07.24 23:09 B c:\a\!eds\internet\icreator\amplif\ampl2.htm --> dol.ru /WWW/amplif ampl2.htm
102.07.24 23:09 B c:\a\!eds\internet\icreator\amplif\as.htm --> dol.ru /WWW/amplif as.htm
102.07.24 23:09 B c:\a\!eds\internet\icreator\amplif\dac.htm --> dol.ru /WWW/amplif dac.htm
102.07.24 23:09 B c:\a\!eds\internet\icreator\amplif\dac_o1.htm --> dol.ru /WWW/amplif dac_o1.htm
102.07.24 23:09 B c:\a\!eds\internet\icreator\amplif\ideas.htm --> dol.ru /WWW/amplif ideas.htm
102.07.24 23:09 B c:\a\!eds\internet\icreator\amplif\index.htm --> dol.ru /WWW/amplif index.htm
102.07.24 23:09 B c:\a\!eds\internet\icreator\amplif\out.htm --> dol.ru /WWW/amplif out.htm
102.07.24 23:09 B c:\a\!eds\internet\icreator\amplif\power_dac.htm --> dol.ru /WWW/amplif power_dac.htm
102.07.24 23:09 B c:\a\!eds\internet\icreator\amplif\pwm_eko.htm --> dol.ru /WWW/amplif pwm_eko.htm
102.07.24 23:09 B c:\a\!eds\internet\icreator\amplif\pwm_sh.htm --> dol.ru /WWW/amplif pwm_sh.htm
102.07.24 23:10 B c:\a\!eds\internet\icreator\amplif\real.htm --> dol.ru /WWW/amplif real.htm
102.07.24 23:10 B c:\a\!eds\internet\icreator\amplif\real_o.htm --> dol.ru /WWW/amplif real_o.htm
102.07.24 23:10 B c:\a\!eds\internet\icreator\amplif\shim.htm --> dol.ru /WWW/amplif shim.htm
102.07.24 23:10 B c:\a\!eds\internet\icreator\amplif\TL494.htm --> dol.ru /WWW/amplif TL494.htm
102.07.25 05:56 B c:\a\!eds\internet\icreator\amplif\patent1a.pdf --> dol.ru /WWW/amplif patent1a.pdf
102.07.25 05:56 B c:\a\!eds\internet\icreator\amplif\patent1b.pdf --> dol.ru /WWW/amplif patent1b.pdf
102.10.09 09:39 B c:\a\!eds\internet\icreator\amplif\index.htm --> dol.ru /WWW/amplif index.htm
102.10.09 09:40 B c:\a\!eds\internet\icreator\amplif\index.htm --> dol.ru /WWW/amplif index.htm
102.10.09 09:40 B c:\a\!eds\internet\icreator\amplif\power_dac.htm --> dol.ru /WWW/amplif power_dac.htm
102.10.09 09:40 B c:\a\!eds\internet\icreator\amplif\pwm_eko.htm --> dol.ru /WWW/amplif pwm_eko.htm
102.10.09 09:40 B c:\a\!eds\internet\icreator\amplif\real.htm --> dol.ru /WWW/amplif real.htm
102.10.09 09:40 B c:\a\!eds\internet\icreator\amplif\TL494.htm --> dol.ru /WWW/amplif TL494.htm
102.12.02 12:21 B c:\a\!eds\internet\icreator\amplif\power_dac.htm --> dol.ru /WWW/amplif power_dac.htm
103.05.20 19:22 B c:\a\!eds\internet\icreator\amplif\index.htm --> dol.ru /WWW/amplif index.htm
103.05.20 19:22 B c:\a\!eds\internet\icreator\amplif\TL494.htm --> dol.ru /WWW/amplif TL494.htm
104.10.23 10:44 B C:\A\!Eds\INTERNET\ICREATOR\amplif\shim.htm --> dol.ru /WWW/amplif shim.htm
107.10.25 14:50 B D:\A\!Eds\INTERNET\ICREATOR\amplif\1full_ooc.gif --> web03.nthost.ru /icreator.ru/amplif 1full_ooc.gif
107.10.25 14:50 B D:\A\!Eds\INTERNET\ICREATOR\amplif\1full_ooc.pdf --> web03.nthost.ru /icreator.ru/amplif 1full_ooc.pdf
107.10.25 14:50 B D:\A\!Eds\INTERNET\ICREATOR\amplif\1SIMPLE.gif --> web03.nthost.ru /icreator.ru/amplif 1SIMPLE.gif
107.10.25 14:50 B D:\A\!Eds\INTERNET\ICREATOR\amplif\ampl1.htm --> web03.nthost.ru /icreator.ru/amplif ampl1.htm
107.10.25 14:50 B D:\A\!Eds\INTERNET\ICREATOR\amplif\ampl2.htm --> web03.nthost.ru /icreator.ru/amplif ampl2.htm
107.10.25 14:50 B D:\A\!Eds\INTERNET\ICREATOR\amplif\as.htm --> web03.nthost.ru /icreator.ru/amplif as.htm
107.10.25 14:50 B D:\A\!Eds\INTERNET\ICREATOR\amplif\as1.gif --> web03.nthost.ru /icreator.ru/amplif as1.gif
107.10.25 14:50 B D:\A\!Eds\INTERNET\ICREATOR\amplif\as2.gif --> web03.nthost.ru /icreator.ru/amplif as2.gif
107.10.25 14:50 B D:\A\!Eds\INTERNET\ICREATOR\amplif\cell.gif --> web03.nthost.ru /icreator.ru/amplif cell.gif
107.10.25 14:50 B D:\A\!Eds\INTERNET\ICREATOR\amplif\d_pwm.gif --> web03.nthost.ru /icreator.ru/amplif d_pwm.gif
107.10.25 14:50 B D:\A\!Eds\INTERNET\ICREATOR\amplif\dac.htm --> web03.nthost.ru /icreator.ru/amplif dac.htm
107.10.25 14:50 B D:\A\!Eds\INTERNET\ICREATOR\amplif\dac_o1.htm --> web03.nthost.ru /icreator.ru/amplif dac_o1.htm
107.10.25 14:50 B D:\A\!Eds\INTERNET\ICREATOR\amplif\dac0.gif --> web03.nthost.ru /icreator.ru/amplif dac0.gif
107.10.25 14:50 B D:\A\!Eds\INTERNET\ICREATOR\amplif\dac1.gif --> web03.nthost.ru /icreator.ru/amplif dac1.gif
107.10.25 14:50 B D:\A\!Eds\INTERNET\ICREATOR\amplif\dac1corr.gif --> web03.nthost.ru /icreator.ru/amplif dac1corr.gif
107.10.25 14:50 B D:\A\!Eds\INTERNET\ICREATOR\amplif\dac1d.gif --> web03.nthost.ru /icreator.ru/amplif dac1d.gif
107.10.25 14:50 B D:\A\!Eds\INTERNET\ICREATOR\amplif\digital1.gif --> web03.nthost.ru /icreator.ru/amplif digital1.gif
107.10.25 14:50 B D:\A\!Eds\INTERNET\ICREATOR\amplif\digital1a.gif --> web03.nthost.ru /icreator.ru/amplif digital1a.gif
107.10.25 14:50 B D:\A\!Eds\INTERNET\ICREATOR\amplif\digital1p.gif --> web03.nthost.ru /icreator.ru/amplif digital1p.gif
107.10.25 14:50 B D:\A\!Eds\INTERNET\ICREATOR\amplif\ideas.htm --> web03.nthost.ru /icreator.ru/amplif ideas.htm
107.10.25 14:50 B D:\A\!Eds\INTERNET\ICREATOR\amplif\index.htm --> web03.nthost.ru /icreator.ru/amplif index.htm
107.10.25 14:50 B D:\A\!Eds\INTERNET\ICREATOR\amplif\korvet-200-088o.gif --> web03.nthost.ru /icreator.ru/amplif korvet-200-088o.gif
107.10.25 14:50 B D:\A\!Eds\INTERNET\ICREATOR\amplif\line1.gif --> web03.nthost.ru /icreator.ru/amplif line1.gif
107.10.25 14:50 B D:\A\!Eds\INTERNET\ICREATOR\amplif\Out.gif --> web03.nthost.ru /icreator.ru/amplif Out.gif
107.10.25 14:50 B D:\A\!Eds\INTERNET\ICREATOR\amplif\out.htm --> web03.nthost.ru /icreator.ru/amplif out.htm
107.10.25 14:50 B D:\A\!Eds\INTERNET\ICREATOR\amplif\OutSimm.gif --> web03.nthost.ru /icreator.ru/amplif OutSimm.gif
107.10.25 14:50 B D:\A\!Eds\INTERNET\ICREATOR\amplif\OutSimm028x.gif --> web03.nthost.ru /icreator.ru/amplif OutSimm028x.gif
107.10.25 14:50 B D:\A\!Eds\INTERNET\ICREATOR\amplif\OutSimm028xT.gif --> web03.nthost.ru /icreator.ru/amplif OutSimm028xT.gif
107.10.25 14:50 B D:\A\!Eds\INTERNET\ICREATOR\amplif\OutSimm08.gif --> web03.nthost.ru /icreator.ru/amplif OutSimm08.gif
107.10.25 14:50 B D:\A\!Eds\INTERNET\ICREATOR\amplif\patent1.gif --> web03.nthost.ru /icreator.ru/amplif patent1.gif
107.10.25 14:50 B D:\A\!Eds\INTERNET\ICREATOR\amplif\patent1.pdf --> web03.nthost.ru /icreator.ru/amplif patent1.pdf
107.10.25 14:50 B D:\A\!Eds\INTERNET\ICREATOR\amplif\patent1a.gif --> web03.nthost.ru /icreator.ru/amplif patent1a.gif
107.10.25 14:50 B D:\A\!Eds\INTERNET\ICREATOR\amplif\patent1a.pdf --> web03.nthost.ru /icreator.ru/amplif patent1a.pdf
107.10.25 14:50 B D:\A\!Eds\INTERNET\ICREATOR\amplif\patent1b.gif --> web03.nthost.ru /icreator.ru/amplif patent1b.gif
107.10.25 14:50 B D:\A\!Eds\INTERNET\ICREATOR\amplif\patent1b.pdf --> web03.nthost.ru /icreator.ru/amplif patent1b.pdf
107.10.25 14:50 B D:\A\!Eds\INTERNET\ICREATOR\amplif\pdac1curr.gif --> web03.nthost.ru /icreator.ru/amplif pdac1curr.gif
107.10.25 14:50 B D:\A\!Eds\INTERNET\ICREATOR\amplif\pdac1va.gif --> web03.nthost.ru /icreator.ru/amplif pdac1va.gif
107.10.25 14:50 B D:\A\!Eds\INTERNET\ICREATOR\amplif\pdacrec1.gif --> web03.nthost.ru /icreator.ru/amplif pdacrec1.gif
107.10.25 14:50 B D:\A\!Eds\INTERNET\ICREATOR\amplif\power_dac.htm --> web03.nthost.ru /icreator.ru/amplif power_dac.htm
107.10.25 14:50 B D:\A\!Eds\INTERNET\ICREATOR\amplif\psource0.gif --> web03.nthost.ru /icreator.ru/amplif psource0.gif
107.10.25 14:50 B D:\A\!Eds\INTERNET\ICREATOR\amplif\psource1out.gif --> web03.nthost.ru /icreator.ru/amplif psource1out.gif
107.10.25 14:50 B D:\A\!Eds\INTERNET\ICREATOR\amplif\pwm_eko.htm --> web03.nthost.ru /icreator.ru/amplif pwm_eko.htm
107.10.25 14:50 B D:\A\!Eds\INTERNET\ICREATOR\amplif\pwm_eko1.gif --> web03.nthost.ru /icreator.ru/amplif pwm_eko1.gif
107.10.25 14:50 B D:\A\!Eds\INTERNET\ICREATOR\amplif\pwm_eko11.gif --> web03.nthost.ru /icreator.ru/amplif pwm_eko11.gif
107.10.25 14:50 B D:\A\!Eds\INTERNET\ICREATOR\amplif\pwm_eko12.gif --> web03.nthost.ru /icreator.ru/amplif pwm_eko12.gif
107.10.25 14:50 B D:\A\!Eds\INTERNET\ICREATOR\amplif\pwm_eko2.gif --> web03.nthost.ru /icreator.ru/amplif pwm_eko2.gif
107.10.25 14:50 B D:\A\!Eds\INTERNET\ICREATOR\amplif\pwm_out.gif --> web03.nthost.ru /icreator.ru/amplif pwm_out.gif
107.10.25 14:50 B D:\A\!Eds\INTERNET\ICREATOR\amplif\pwm_sh.htm --> web03.nthost.ru /icreator.ru/amplif pwm_sh.htm
107.10.25 14:50 B D:\A\!Eds\INTERNET\ICREATOR\amplif\pwm_sh1.gif --> web03.nthost.ru /icreator.ru/amplif pwm_sh1.gif
107.10.25 14:50 B D:\A\!Eds\INTERNET\ICREATOR\amplif\pwm_sh12.gif --> web03.nthost.ru /icreator.ru/amplif pwm_sh12.gif
107.10.25 14:50 B D:\A\!Eds\INTERNET\ICREATOR\amplif\REAL!.gif --> web03.nthost.ru /icreator.ru/amplif REAL!.gif
107.10.25 14:50 B D:\A\!Eds\INTERNET\ICREATOR\amplif\real.gif --> web03.nthost.ru /icreator.ru/amplif real.gif
107.10.25 14:50 B D:\A\!Eds\INTERNET\ICREATOR\amplif\real.htm --> web03.nthost.ru /icreator.ru/amplif real.htm
107.10.25 14:51 B D:\A\!Eds\INTERNET\ICREATOR\amplif\real.pdf --> web03.nthost.ru /icreator.ru/amplif real.pdf
107.10.25 14:51 B D:\A\!Eds\INTERNET\ICREATOR\amplif\real_o.htm --> web03.nthost.ru /icreator.ru/amplif real_o.htm
107.10.25 14:51 B D:\A\!Eds\INTERNET\ICREATOR\amplif\shim.htm --> web03.nthost.ru /icreator.ru/amplif shim.htm
107.10.25 14:51 B D:\A\!Eds\INTERNET\ICREATOR\amplif\shim_r1.gif --> web03.nthost.ru /icreator.ru/amplif shim_r1.gif
107.10.25 14:51 B D:\A\!Eds\INTERNET\ICREATOR\amplif\shim0.gif --> web03.nthost.ru /icreator.ru/amplif shim0.gif
107.10.25 14:51 B D:\A\!Eds\INTERNET\ICREATOR\amplif\shim1.gif --> web03.nthost.ru /icreator.ru/amplif shim1.gif
107.10.25 14:51 B D:\A\!Eds\INTERNET\ICREATOR\amplif\Thumbs.db --> web03.nthost.ru /icreator.ru/amplif Thumbs.db
107.10.25 14:51 B D:\A\!Eds\INTERNET\ICREATOR\amplif\TL494.gif --> web03.nthost.ru /icreator.ru/amplif TL494.gif
107.10.25 14:51 B D:\A\!Eds\INTERNET\ICREATOR\amplif\TL494.htm --> web03.nthost.ru /icreator.ru/amplif TL494.htm
107.10.25 14:51 B D:\A\!Eds\INTERNET\ICREATOR\amplif\tok3!real1.gif --> web03.nthost.ru /icreator.ru/amplif tok3!real1.gif
107.10.25 14:51 B D:\A\!Eds\INTERNET\ICREATOR\amplif\tok3!real1.pdf --> web03.nthost.ru /icreator.ru/amplif tok3!real1.pdf
108.11.05 10:15 B D:\A\!Eds\INTERNET\ICREATOR\amplif\1full_ooc.gif --> web03.nthost.ru /icreator.ru/amplif 1full_ooc.gif
108.11.05 10:15 B D:\A\!Eds\INTERNET\ICREATOR\amplif\1full_ooc.pdf --> web03.nthost.ru /icreator.ru/amplif 1full_ooc.pdf
108.11.05 10:15 B D:\A\!Eds\INTERNET\ICREATOR\amplif\1SIMPLE.gif --> web03.nthost.ru /icreator.ru/amplif 1SIMPLE.gif
108.11.05 10:15 B D:\A\!Eds\INTERNET\ICREATOR\amplif\ampl1.htm --> web03.nthost.ru /icreator.ru/amplif ampl1.htm
108.11.05 10:15 B D:\A\!Eds\INTERNET\ICREATOR\amplif\ampl2.htm --> web03.nthost.ru /icreator.ru/amplif ampl2.htm
108.11.05 10:15 B D:\A\!Eds\INTERNET\ICREATOR\amplif\as.htm --> web03.nthost.ru /icreator.ru/amplif as.htm
108.11.05 10:15 B D:\A\!Eds\INTERNET\ICREATOR\amplif\as1.gif --> web03.nthost.ru /icreator.ru/amplif as1.gif
108.11.05 10:15 B D:\A\!Eds\INTERNET\ICREATOR\amplif\as2.gif --> web03.nthost.ru /icreator.ru/amplif as2.gif
108.11.05 10:15 B D:\A\!Eds\INTERNET\ICREATOR\amplif\cell.gif --> web03.nthost.ru /icreator.ru/amplif cell.gif
108.11.05 10:15 B D:\A\!Eds\INTERNET\ICREATOR\amplif\d_pwm.gif --> web03.nthost.ru /icreator.ru/amplif d_pwm.gif
108.11.05 10:15 B D:\A\!Eds\INTERNET\ICREATOR\amplif\dac.htm --> web03.nthost.ru /icreator.ru/amplif dac.htm
108.11.05 10:15 B D:\A\!Eds\INTERNET\ICREATOR\amplif\dac_o1.htm --> web03.nthost.ru /icreator.ru/amplif dac_o1.htm
108.11.05 10:15 B D:\A\!Eds\INTERNET\ICREATOR\amplif\dac0.gif --> web03.nthost.ru /icreator.ru/amplif dac0.gif
108.11.05 10:15 B D:\A\!Eds\INTERNET\ICREATOR\amplif\dac1.gif --> web03.nthost.ru /icreator.ru/amplif dac1.gif
108.11.05 10:15 B D:\A\!Eds\INTERNET\ICREATOR\amplif\dac1corr.gif --> web03.nthost.ru /icreator.ru/amplif dac1corr.gif
108.11.05 10:15 B D:\A\!Eds\INTERNET\ICREATOR\amplif\dac1d.gif --> web03.nthost.ru /icreator.ru/amplif dac1d.gif
108.11.05 10:15 B D:\A\!Eds\INTERNET\ICREATOR\amplif\digital1.gif --> web03.nthost.ru /icreator.ru/amplif digital1.gif
108.11.05 10:15 B D:\A\!Eds\INTERNET\ICREATOR\amplif\digital1a.gif --> web03.nthost.ru /icreator.ru/amplif digital1a.gif
108.11.05 10:15 B D:\A\!Eds\INTERNET\ICREATOR\amplif\digital1p.gif --> web03.nthost.ru /icreator.ru/amplif digital1p.gif
108.11.05 10:15 B D:\A\!Eds\INTERNET\ICREATOR\amplif\ideas.htm --> web03.nthost.ru /icreator.ru/amplif ideas.htm
108.11.05 10:15 B D:\A\!Eds\INTERNET\ICREATOR\amplif\index.htm --> web03.nthost.ru /icreator.ru/amplif index.htm
108.11.05 10:15 B D:\A\!Eds\INTERNET\ICREATOR\amplif\korvet-200-088o.gif --> web03.nthost.ru /icreator.ru/amplif korvet-200-088o.gif
108.11.05 10:15 B D:\A\!Eds\INTERNET\ICREATOR\amplif\line1.gif --> web03.nthost.ru /icreator.ru/amplif line1.gif
108.11.05 10:15 B D:\A\!Eds\INTERNET\ICREATOR\amplif\Out.gif --> web03.nthost.ru /icreator.ru/amplif Out.gif
108.11.05 10:15 B D:\A\!Eds\INTERNET\ICREATOR\amplif\out.htm --> web03.nthost.ru /icreator.ru/amplif out.htm
108.11.05 10:15 B D:\A\!Eds\INTERNET\ICREATOR\amplif\OutSimm.gif --> web03.nthost.ru /icreator.ru/amplif OutSimm.gif
108.11.05 10:15 B D:\A\!Eds\INTERNET\ICREATOR\amplif\OutSimm028x.gif --> web03.nthost.ru /icreator.ru/amplif OutSimm028x.gif
108.11.05 10:15 B D:\A\!Eds\INTERNET\ICREATOR\amplif\OutSimm028xT.gif --> web03.nthost.ru /icreator.ru/amplif OutSimm028xT.gif
108.11.05 10:15 B D:\A\!Eds\INTERNET\ICREATOR\amplif\OutSimm08.gif --> web03.nthost.ru /icreator.ru/amplif OutSimm08.gif
108.11.05 10:15 B D:\A\!Eds\INTERNET\ICREATOR\amplif\patent1.gif --> web03.nthost.ru /icreator.ru/amplif patent1.gif
108.11.05 10:15 B D:\A\!Eds\INTERNET\ICREATOR\amplif\patent1.pdf --> web03.nthost.ru /icreator.ru/amplif patent1.pdf
108.11.05 10:15 B D:\A\!Eds\INTERNET\ICREATOR\amplif\patent1a.gif --> web03.nthost.ru /icreator.ru/amplif patent1a.gif
108.11.05 10:15 B D:\A\!Eds\INTERNET\ICREATOR\amplif\patent1a.pdf --> web03.nthost.ru /icreator.ru/amplif patent1a.pdf
108.11.05 10:15 B D:\A\!Eds\INTERNET\ICREATOR\amplif\patent1b.gif --> web03.nthost.ru /icreator.ru/amplif patent1b.gif
108.11.05 10:15 B D:\A\!Eds\INTERNET\ICREATOR\amplif\patent1b.pdf --> web03.nthost.ru /icreator.ru/amplif patent1b.pdf
108.11.05 10:15 B D:\A\!Eds\INTERNET\ICREATOR\amplif\pdac1curr.gif --> web03.nthost.ru /icreator.ru/amplif pdac1curr.gif
108.11.05 10:15 B D:\A\!Eds\INTERNET\ICREATOR\amplif\pdac1va.gif --> web03.nthost.ru /icreator.ru/amplif pdac1va.gif
108.11.05 10:15 B D:\A\!Eds\INTERNET\ICREATOR\amplif\pdacrec1.gif --> web03.nthost.ru /icreator.ru/amplif pdacrec1.gif
108.11.05 10:15 B D:\A\!Eds\INTERNET\ICREATOR\amplif\power_dac.htm --> web03.nthost.ru /icreator.ru/amplif power_dac.htm
108.11.05 10:15 B D:\A\!Eds\INTERNET\ICREATOR\amplif\psource0.gif --> web03.nthost.ru /icreator.ru/amplif psource0.gif
108.11.05 10:15 B D:\A\!Eds\INTERNET\ICREATOR\amplif\psource1out.gif --> web03.nthost.ru /icreator.ru/amplif psource1out.gif
108.11.05 10:15 B D:\A\!Eds\INTERNET\ICREATOR\amplif\pwm_eko.htm --> web03.nthost.ru /icreator.ru/amplif pwm_eko.htm
108.11.05 10:15 B D:\A\!Eds\INTERNET\ICREATOR\amplif\pwm_eko1.gif --> web03.nthost.ru /icreator.ru/amplif pwm_eko1.gif
108.11.05 10:15 B D:\A\!Eds\INTERNET\ICREATOR\amplif\pwm_eko11.gif --> web03.nthost.ru /icreator.ru/amplif pwm_eko11.gif
108.11.05 10:15 B D:\A\!Eds\INTERNET\ICREATOR\amplif\pwm_eko12.gif --> web03.nthost.ru /icreator.ru/amplif pwm_eko12.gif
108.11.05 10:15 B D:\A\!Eds\INTERNET\ICREATOR\amplif\pwm_eko2.gif --> web03.nthost.ru /icreator.ru/amplif pwm_eko2.gif
108.11.05 10:15 B D:\A\!Eds\INTERNET\ICREATOR\amplif\pwm_out.gif --> web03.nthost.ru /icreator.ru/amplif pwm_out.gif
108.11.05 10:15 B D:\A\!Eds\INTERNET\ICREATOR\amplif\pwm_sh.htm --> web03.nthost.ru /icreator.ru/amplif pwm_sh.htm
108.11.05 10:15 B D:\A\!Eds\INTERNET\ICREATOR\amplif\pwm_sh1.gif --> web03.nthost.ru /icreator.ru/amplif pwm_sh1.gif
108.11.05 10:15 B D:\A\!Eds\INTERNET\ICREATOR\amplif\pwm_sh12.gif --> web03.nthost.ru /icreator.ru/amplif pwm_sh12.gif
108.11.05 10:15 B D:\A\!Eds\INTERNET\ICREATOR\amplif\REAL!.gif --> web03.nthost.ru /icreator.ru/amplif REAL!.gif
108.11.05 10:15 B D:\A\!Eds\INTERNET\ICREATOR\amplif\real.gif --> web03.nthost.ru /icreator.ru/amplif real.gif
108.11.05 10:15 B D:\A\!Eds\INTERNET\ICREATOR\amplif\real.htm --> web03.nthost.ru /icreator.ru/amplif real.htm
108.11.05 10:15 B D:\A\!Eds\INTERNET\ICREATOR\amplif\real.pdf --> web03.nthost.ru /icreator.ru/amplif real.pdf
108.11.05 10:15 B D:\A\!Eds\INTERNET\ICREATOR\amplif\real_o.htm --> web03.nthost.ru /icreator.ru/amplif real_o.htm
108.11.05 10:15 B D:\A\!Eds\INTERNET\ICREATOR\amplif\shim.htm --> web03.nthost.ru /icreator.ru/amplif shim.htm
108.11.05 10:15 B D:\A\!Eds\INTERNET\ICREATOR\amplif\shim_r1.gif --> web03.nthost.ru /icreator.ru/amplif shim_r1.gif
108.11.05 10:15 B D:\A\!Eds\INTERNET\ICREATOR\amplif\shim0.gif --> web03.nthost.ru /icreator.ru/amplif shim0.gif
108.11.05 10:15 B D:\A\!Eds\INTERNET\ICREATOR\amplif\shim1.gif --> web03.nthost.ru /icreator.ru/amplif shim1.gif
108.11.05 10:15 B D:\A\!Eds\INTERNET\ICREATOR\amplif\Thumbs.db --> web03.nthost.ru /icreator.ru/amplif Thumbs.db
108.11.05 10:15 B D:\A\!Eds\INTERNET\ICREATOR\amplif\TL494.gif --> web03.nthost.ru /icreator.ru/amplif TL494.gif
108.11.05 10:15 B D:\A\!Eds\INTERNET\ICREATOR\amplif\TL494.htm --> web03.nthost.ru /icreator.ru/amplif TL494.htm
108.11.05 10:15 B D:\A\!Eds\INTERNET\ICREATOR\amplif\tok3!real1.gif --> web03.nthost.ru /icreator.ru/amplif tok3!real1.gif
108.11.05 10:15 B D:\A\!Eds\INTERNET\ICREATOR\amplif\tok3!real1.pdf --> web03.nthost.ru /icreator.ru/amplif tok3!real1.pdf
108.11.05 10:15 B D:\A\!Eds\INTERNET\ICREATOR\amplif\ws_ftp.log --> web03.nthost.ru /icreator.ru/amplif ws_ftp.log
