103.11.29 14:14 B c:\a\!eds\internet\icreator\econ\index.htm --> dol.ru /WWW/econ index.htm
103.11.29 14:14 B c:\a\!eds\internet\icreator\econ\renta.htm --> dol.ru /WWW/econ renta.htm
104.02.21 10:21 B c:\a\!eds\internet\icreator\econ\renta.htm --> dol.ru /WWW/econ renta.htm
107.10.25 14:54 B D:\A\!Eds\INTERNET\ICREATOR\econ\index.htm --> web03.nthost.ru /icreator.ru/econ index.htm
107.10.25 14:54 B D:\A\!Eds\INTERNET\ICREATOR\econ\renta.htm --> web03.nthost.ru /icreator.ru/econ renta.htm
107.10.25 14:54 B D:\A\!Eds\INTERNET\ICREATOR\econ\ws_ftp.log --> web03.nthost.ru /icreator.ru/econ ws_ftp.log
108.11.05 10:16 B D:\A\!Eds\INTERNET\ICREATOR\econ\2007gold.gif --> web03.nthost.ru /icreator.ru/econ 2007gold.gif
108.11.05 10:16 B D:\A\!Eds\INTERNET\ICREATOR\econ\2007gold.htm --> web03.nthost.ru /icreator.ru/econ 2007gold.htm
108.11.05 10:16 B D:\A\!Eds\INTERNET\ICREATOR\econ\crisis2008.htm --> web03.nthost.ru /icreator.ru/econ crisis2008.htm
108.11.05 10:16 B D:\A\!Eds\INTERNET\ICREATOR\econ\devolv.htm --> web03.nthost.ru /icreator.ru/econ devolv.htm
108.11.05 10:16 B D:\A\!Eds\INTERNET\ICREATOR\econ\DOHOD1.htm --> web03.nthost.ru /icreator.ru/econ DOHOD1.htm
108.11.05 10:16 B D:\A\!Eds\INTERNET\ICREATOR\econ\index.htm --> web03.nthost.ru /icreator.ru/econ index.htm
108.11.05 10:16 B D:\A\!Eds\INTERNET\ICREATOR\econ\infl.htm --> web03.nthost.ru /icreator.ru/econ infl.htm
108.11.05 10:16 B D:\A\!Eds\INTERNET\ICREATOR\econ\lbox.htm --> web03.nthost.ru /icreator.ru/econ lbox.htm
108.11.05 10:16 B D:\A\!Eds\INTERNET\ICREATOR\econ\renta.htm --> web03.nthost.ru /icreator.ru/econ renta.htm
108.11.05 10:17 B D:\A\!Eds\INTERNET\ICREATOR\econ\upr-dep.htm --> web03.nthost.ru /icreator.ru/econ upr-dep.htm
108.11.05 10:17 B D:\A\!Eds\INTERNET\ICREATOR\econ\ws_ftp.log --> web03.nthost.ru /icreator.ru/econ ws_ftp.log
108.11.30 09:12 B D:\A\!Eds\INTERNET\ICREATOR\econ\estate 2009.htm --> web03.nthost.ru /icreator.ru/econ estate 2009.htm
108.11.30 09:13 B D:\A\!Eds\INTERNET\ICREATOR\econ\index.htm --> web03.nthost.ru /icreator.ru/econ index.htm
108.11.30 09:37 B D:\A\!Eds\INTERNET\ICREATOR\econ\estate 2009.htm --> web03.nthost.ru /icreator.ru/econ estate 2009.htm
108.12.01 19:09 B D:\A\!Eds\INTERNET\ICREATOR\econ\econ-war1.htm --> web03.nthost.ru /icreator.ru/econ econ-war1.htm
108.12.01 19:11 B D:\A\!Eds\INTERNET\ICREATOR\econ\index.htm --> web03.nthost.ru /icreator.ru/econ index.htm
109.03.13 13:12 B D:\A\!Eds\INTERNET\ICREATOR\econ\devUS.htm --> web03.nthost.ru /icreator.ru/econ devUS.htm
109.03.13 13:12 B D:\A\!Eds\INTERNET\ICREATOR\econ\index.htm --> web03.nthost.ru /icreator.ru/econ index.htm
